{"/home/travis/build/npmtest/node-npmtest-webpack-bundle-analyzer/test.js":{"path":"/home/travis/build/npmtest/node-npmtest-webpack-bundle-analyzer/test.js","s":{"1":2,"2":2,"3":2,"4":2,"5":2,"6":2,"7":2,"8":1,"9":2,"10":2,"11":1,"12":1,"13":1,"14":1,"15":2,"16":2,"17":2,"18":2,"19":1,"20":1,"21":2,"22":2,"23":2,"24":1,"25":1,"26":1,"27":1,"28":1,"29":1,"30":1,"31":1,"32":1,"33":1,"34":1,"35":1,"36":2,"37":2,"38":1,"39":2,"40":2,"41":1,"42":2,"43":2,"44":1,"45":1,"46":1,"47":1,"48":1},"b":{"1":[2,1,1,1],"2":[1,1,1,1],"3":[1,1],"4":[1,1],"5":[1,1],"6":[1,1],"7":[1,1],"8":[1,1],"9":[1,1,1],"10":[1,1],"11":[1,1],"12":[1,1],"13":[1,1],"14":[1,1],"15":[1,1]},"f":{"1":2,"2":2,"3":2,"4":2,"5":2,"6":1,"7":1,"8":2,"9":2,"10":2,"11":1},"fnMap":{"1":{"name":"(anonymous_1)","line":12,"loc":{"start":{"line":12,"column":1},"end":{"line":12,"column":13}}},"2":{"name":"(anonymous_2)","line":19,"loc":{"start":{"line":19,"column":5},"end":{"line":19,"column":17}}},"3":{"name":"(anonymous_3)","line":23,"loc":{"start":{"line":23,"column":24},"end":{"line":23,"column":36}}},"4":{"name":"(anonymous_4)","line":61,"loc":{"start":{"line":61,"column":5},"end":{"line":61,"column":17}}},"5":{"name":"(anonymous_5)","line":82,"loc":{"start":{"line":82,"column":5},"end":{"line":82,"column":17}}},"6":{"name":"(anonymous_6)","line":102,"loc":{"start":{"line":102,"column":83},"end":{"line":105,"column":10}},"skip":true},"7":{"name":"(anonymous_7)","line":113,"loc":{"start":{"line":113,"column":77},"end":{"line":116,"column":10}},"skip":true},"8":{"name":"(anonymous_8)","line":127,"loc":{"start":{"line":127,"column":77},"end":{"line":130,"column":10}},"skip":true},"9":{"name":"(anonymous_9)","line":138,"loc":{"start":{"line":138,"column":83},"end":{"line":141,"column":10}},"skip":true},"10":{"name":"(anonymous_10)","line":149,"loc":{"start":{"line":149,"column":79},"end":{"line":152,"column":10}},"skip":true},"11":{"name":"(anonymous_11)","line":160,"loc":{"start":{"line":160,"column":75},"end":{"line":163,"column":10}},"skip":true}},"statementMap":{"1":{"start":{"line":12,"column":0},"end":{"line":175,"column":5}},"2":{"start":{"line":14,"column":4},"end":{"line":14,"column":14}},"3":{"start":{"line":19,"column":4},"end":{"line":56,"column":9}},"4":{"start":{"line":21,"column":8},"end":{"line":21,"column":19}},"5":{"start":{"line":23,"column":8},"end":{"line":35,"column":13}},"6":{"start":{"line":24,"column":12},"end":{"line":34,"column":13}},"7":{"start":{"line":25,"column":16},"end":{"line":28,"column":30}},"8":{"start":{"line":30,"column":16},"end":{"line":33,"column":27}},"9":{"start":{"line":37,"column":8},"end":{"line":39,"column":21}},"10":{"start":{"line":40,"column":8},"end":{"line":53,"column":9}},"11":{"start":{"line":43,"column":12},"end":{"line":46,"column":14}},"12":{"start":{"line":47,"column":12},"end":{"line":47,"column":18}},"13":{"start":{"line":50,"column":12},"end":{"line":51,"column":46}},"14":{"start":{"line":52,"column":12},"end":{"line":52,"column":18}},"15":{"start":{"line":55,"column":8},"end":{"line":55,"column":35}},"16":{"start":{"line":61,"column":4},"end":{"line":63,"column":9}},"17":{"start":{"line":62,"column":8},"end":{"line":62,"column":15}},"18":{"start":{"line":64,"column":4},"end":{"line":77,"column":5}},"19":{"start":{"line":70,"column":8},"end":{"line":70,"column":14}},"20":{"start":{"line":76,"column":8},"end":{"line":76,"column":14}},"21":{"start":{"line":82,"column":4},"end":{"line":84,"column":9}},"22":{"start":{"line":83,"column":8},"end":{"line":83,"column":15}},"23":{"start":{"line":85,"column":4},"end":{"line":174,"column":5}},"24":{"start":{"line":92,"column":8},"end":{"line":94,"column":63}},"25":{"start":{"line":95,"column":8},"end":{"line":95,"column":14}},"26":{"start":{"line":102,"column":8},"end":{"line":111,"column":10},"skip":true},"27":{"start":{"line":109,"column":12},"end":{"line":109,"column":55},"skip":true},"28":{"start":{"line":110,"column":12},"end":{"line":110,"column":48},"skip":true},"29":{"start":{"line":113,"column":8},"end":{"line":125,"column":10},"skip":true},"30":{"start":{"line":120,"column":12},"end":{"line":120,"column":76},"skip":true},"31":{"start":{"line":121,"column":12},"end":{"line":121,"column":73},"skip":true},"32":{"start":{"line":122,"column":12},"end":{"line":122,"column":74},"skip":true},"33":{"start":{"line":123,"column":12},"end":{"line":123,"column":25},"skip":true},"34":{"start":{"line":124,"column":12},"end":{"line":124,"column":45},"skip":true},"35":{"start":{"line":127,"column":8},"end":{"line":136,"column":10},"skip":true},"36":{"start":{"line":134,"column":12},"end":{"line":134,"column":25},"skip":true},"37":{"start":{"line":135,"column":12},"end":{"line":135,"column":45},"skip":true},"38":{"start":{"line":138,"column":8},"end":{"line":147,"column":10},"skip":true},"39":{"start":{"line":145,"column":12},"end":{"line":145,"column":25},"skip":true},"40":{"start":{"line":146,"column":12},"end":{"line":146,"column":48},"skip":true},"41":{"start":{"line":149,"column":8},"end":{"line":158,"column":10},"skip":true},"42":{"start":{"line":156,"column":12},"end":{"line":156,"column":25},"skip":true},"43":{"start":{"line":157,"column":12},"end":{"line":157,"column":46},"skip":true},"44":{"start":{"line":160,"column":8},"end":{"line":169,"column":10},"skip":true},"45":{"start":{"line":167,"column":12},"end":{"line":167,"column":94},"skip":true},"46":{"start":{"line":168,"column":12},"end":{"line":168,"column":48},"skip":true},"47":{"start":{"line":172,"column":8},"end":{"line":172,"column":35},"skip":true},"48":{"start":{"line":173,"column":8},"end":{"line":173,"column":14},"skip":true}},"branchMap":{"1":{"line":25,"type":"binary-expr","locations":[{"start":{"line":25,"column":23},"end":{"line":25,"column":62}},{"start":{"line":26,"column":20},"end":{"line":26,"column":70}},{"start":{"line":27,"column":20},"end":{"line":27,"column":71}},{"start":{"line":28,"column":20},"end":{"line":28,"column":29}}]},"2":{"line":30,"type":"binary-expr","locations":[{"start":{"line":30,"column":23},"end":{"line":30,"column":37}},{"start":{"line":31,"column":20},"end":{"line":31,"column":61}},{"start":{"line":32,"column":20},"end":{"line":32,"column":70}},{"start":{"line":33,"column":20},"end":{"line":33,"column":26}}]},"3":{"line":37,"type":"cond-expr","locations":[{"start":{"line":38,"column":14},"end":{"line":38,"column":20}},{"start":{"line":39,"column":14},"end":{"line":39,"column":20}}]},"4":{"line":40,"type":"switch","locations":[{"start":{"line":42,"column":8},"end":{"line":47,"column":18}},{"start":{"line":49,"column":8},"end":{"line":52,"column":18}}]},"5":{"line":44,"type":"binary-expr","locations":[{"start":{"line":44,"column":16},"end":{"line":44,"column":44}},{"start":{"line":44,"column":48},"end":{"line":44,"column":66}}]},"6":{"line":50,"type":"binary-expr","locations":[{"start":{"line":50,"column":21},"end":{"line":50,"column":49}},{"start":{"line":50,"column":53},"end":{"line":50,"column":72}}]},"7":{"line":64,"type":"switch","locations":[{"start":{"line":69,"column":4},"end":{"line":70,"column":14}},{"start":{"line":75,"column":4},"end":{"line":76,"column":14}}]},"8":{"line":85,"type":"switch","locations":[{"start":{"line":90,"column":4},"end":{"line":95,"column":14}},{"start":{"line":101,"column":4},"end":{"line":173,"column":14},"skip":true}]},"9":{"line":92,"type":"binary-expr","locations":[{"start":{"line":92,"column":18},"end":{"line":92,"column":32}},{"start":{"line":93,"column":12},"end":{"line":93,"column":53}},{"start":{"line":94,"column":12},"end":{"line":94,"column":61}}]},"10":{"line":102,"type":"binary-expr","locations":[{"start":{"line":102,"column":45},"end":{"line":102,"column":79},"skip":true},{"start":{"line":102,"column":83},"end":{"line":111,"column":9},"skip":true}]},"11":{"line":113,"type":"binary-expr","locations":[{"start":{"line":113,"column":42},"end":{"line":113,"column":73},"skip":true},{"start":{"line":113,"column":77},"end":{"line":125,"column":9},"skip":true}]},"12":{"line":127,"type":"binary-expr","locations":[{"start":{"line":127,"column":42},"end":{"line":127,"column":73},"skip":true},{"start":{"line":127,"column":77},"end":{"line":136,"column":9},"skip":true}]},"13":{"line":138,"type":"binary-expr","locations":[{"start":{"line":138,"column":45},"end":{"line":138,"column":79},"skip":true},{"start":{"line":138,"column":83},"end":{"line":147,"column":9},"skip":true}]},"14":{"line":149,"type":"binary-expr","locations":[{"start":{"line":149,"column":43},"end":{"line":149,"column":75},"skip":true},{"start":{"line":149,"column":79},"end":{"line":158,"column":9},"skip":true}]},"15":{"line":160,"type":"binary-expr","locations":[{"start":{"line":160,"column":41},"end":{"line":160,"column":71},"skip":true},{"start":{"line":160,"column":75},"end":{"line":169,"column":9},"skip":true}]}},"code":["/* istanbul instrument in package npmtest_webpack_bundle_analyzer */","/*jslint","    bitwise: true,","    browser: true,","    maxerr: 8,","    maxlen: 96,","    node: true,","    nomen: true,","    regexp: true,","    stupid: true","*/","(function () {","    'use strict';","    var local;","","","","    // run shared js-env code - pre-init","    (function () {","        // init local","        local = {};","        // init modeJs","        local.modeJs = (function () {","            try {","                return typeof navigator.userAgent === 'string' &&","                    typeof document.querySelector('body') === 'object' &&","                    typeof XMLHttpRequest.prototype.open === 'function' &&","                    'browser';","            } catch (errorCaughtBrowser) {","                return module.exports &&","                    typeof process.versions.node === 'string' &&","                    typeof require('http').createServer === 'function' &&","                    'node';","            }","        }());","        // init global","        local.global = local.modeJs === 'browser'","            ? window","            : global;","        switch (local.modeJs) {","        // re-init local from window.local","        case 'browser':","            local = local.global.utility2.objectSetDefault(","                local.global.utility2_rollup || local.global.local,","                local.global.utility2","            );","            break;","        // re-init local from example.js","        case 'node':","            local = (local.global.utility2_rollup || require('utility2'))","                .requireExampleJsFromReadme();","            break;","        }","        // export local","        local.global.local = local;","    }());","","","","    // run shared js-env code - function","    (function () {","        return;","    }());","    switch (local.modeJs) {","","","","    // run browser js-env code - function","    case 'browser':","        break;","","","","    // run node js-env code - function","    case 'node':","        break;","    }","","","","    // run shared js-env code - post-init","    (function () {","        return;","    }());","    switch (local.modeJs) {","","","","    // run browser js-env code - post-init","    case 'browser':","        // run tests","        local.nop(local.modeTest &&","            document.querySelector('#testRunButton1') &&","            document.querySelector('#testRunButton1').click());","        break;","","","","    // run node js-env code - post-init","    /* istanbul ignore next */","    case 'node':","        local.testCase_buildApidoc_default = local.testCase_buildApidoc_default || function (","            options,","            onError","        ) {","        /*","         * this function will test buildApidoc's default handling-behavior-behavior","         */","            options = { modulePathList: module.paths };","            local.buildApidoc(options, onError);","        };","","        local.testCase_buildApp_default = local.testCase_buildApp_default || function (","            options,","            onError","        ) {","        /*","         * this function will test buildApp's default handling-behavior-behavior","         */","            local.testCase_buildReadme_default(options, local.onErrorThrow);","            local.testCase_buildLib_default(options, local.onErrorThrow);","            local.testCase_buildTest_default(options, local.onErrorThrow);","            options = [];","            local.buildApp(options, onError);","        };","","        local.testCase_buildLib_default = local.testCase_buildLib_default || function (","            options,","            onError","        ) {","        /*","         * this function will test buildLib's default handling-behavior","         */","            options = {};","            local.buildLib(options, onError);","        };","","        local.testCase_buildReadme_default = local.testCase_buildReadme_default || function (","            options,","            onError","        ) {","        /*","         * this function will test buildReadme's default handling-behavior-behavior","         */","            options = {};","            local.buildReadme(options, onError);","        };","","        local.testCase_buildTest_default = local.testCase_buildTest_default || function (","            options,","            onError","        ) {","        /*","         * this function will test buildTest's default handling-behavior","         */","            options = {};","            local.buildTest(options, onError);","        };","","        local.testCase_webpage_default = local.testCase_webpage_default || function (","            options,","            onError","        ) {","        /*","         * this function will test webpage's default handling-behavior","         */","            options = { modeCoverageMerge: true, url: local.serverLocalHost + '?modeTest=1' };","            local.browserTest(options, onError);","        };","","        // run test-server","        local.testRunServer(local);","        break;","    }","}());",""],"l":{"12":2,"14":2,"19":2,"21":2,"23":2,"24":2,"25":2,"30":1,"37":2,"40":2,"43":1,"47":1,"50":1,"52":1,"55":2,"61":2,"62":2,"64":2,"70":1,"76":1,"82":2,"83":2,"85":2,"92":1,"95":1,"102":1,"109":1,"110":1,"113":1,"120":1,"121":1,"122":1,"123":1,"124":1,"127":1,"134":2,"135":2,"138":1,"145":2,"146":2,"149":1,"156":2,"157":2,"160":1,"167":1,"168":1,"172":1,"173":1}},"/home/travis/build/npmtest/node-npmtest-webpack-bundle-analyzer/lib.npmtest_webpack_bundle_analyzer.js":{"path":"/home/travis/build/npmtest/node-npmtest-webpack-bundle-analyzer/lib.npmtest_webpack_bundle_analyzer.js","s":{"1":2,"2":2,"3":2,"4":2,"5":2,"6":2,"7":2,"8":1,"9":2,"10":2,"11":2,"12":2,"13":1,"14":1,"15":1,"16":1},"b":{"1":[2,1,1,1],"2":[1,1,1,1],"3":[1,1],"4":[2,2],"5":[1,1]},"f":{"1":2,"2":2,"3":2},"fnMap":{"1":{"name":"(anonymous_1)","line":12,"loc":{"start":{"line":12,"column":1},"end":{"line":12,"column":13}}},"2":{"name":"(anonymous_2)","line":19,"loc":{"start":{"line":19,"column":5},"end":{"line":19,"column":17}}},"3":{"name":"(anonymous_3)","line":23,"loc":{"start":{"line":23,"column":24},"end":{"line":23,"column":36}}}},"statementMap":{"1":{"start":{"line":12,"column":0},"end":{"line":53,"column":5}},"2":{"start":{"line":14,"column":4},"end":{"line":14,"column":14}},"3":{"start":{"line":19,"column":4},"end":{"line":52,"column":9}},"4":{"start":{"line":21,"column":8},"end":{"line":21,"column":19}},"5":{"start":{"line":23,"column":8},"end":{"line":35,"column":13}},"6":{"start":{"line":24,"column":12},"end":{"line":34,"column":13}},"7":{"start":{"line":25,"column":16},"end":{"line":28,"column":30}},"8":{"start":{"line":30,"column":16},"end":{"line":33,"column":27}},"9":{"start":{"line":37,"column":8},"end":{"line":39,"column":21}},"10":{"start":{"line":41,"column":8},"end":{"line":41,"column":54}},"11":{"start":{"line":43,"column":8},"end":{"line":43,"column":68}},"12":{"start":{"line":45,"column":8},"end":{"line":51,"column":9}},"13":{"start":{"line":46,"column":12},"end":{"line":46,"column":74}},"14":{"start":{"line":48,"column":12},"end":{"line":48,"column":35}},"15":{"start":{"line":49,"column":12},"end":{"line":49,"column":49}},"16":{"start":{"line":50,"column":12},"end":{"line":50,"column":43}}},"branchMap":{"1":{"line":25,"type":"binary-expr","locations":[{"start":{"line":25,"column":23},"end":{"line":25,"column":62}},{"start":{"line":26,"column":20},"end":{"line":26,"column":70}},{"start":{"line":27,"column":20},"end":{"line":27,"column":71}},{"start":{"line":28,"column":20},"end":{"line":28,"column":29}}]},"2":{"line":30,"type":"binary-expr","locations":[{"start":{"line":30,"column":23},"end":{"line":30,"column":37}},{"start":{"line":31,"column":20},"end":{"line":31,"column":61}},{"start":{"line":32,"column":20},"end":{"line":32,"column":70}},{"start":{"line":33,"column":20},"end":{"line":33,"column":26}}]},"3":{"line":37,"type":"cond-expr","locations":[{"start":{"line":38,"column":14},"end":{"line":38,"column":20}},{"start":{"line":39,"column":14},"end":{"line":39,"column":20}}]},"4":{"line":41,"type":"binary-expr","locations":[{"start":{"line":41,"column":16},"end":{"line":41,"column":44}},{"start":{"line":41,"column":48},"end":{"line":41,"column":53}}]},"5":{"line":45,"type":"if","locations":[{"start":{"line":45,"column":8},"end":{"line":45,"column":8}},{"start":{"line":45,"column":8},"end":{"line":45,"column":8}}]}},"code":["/* istanbul instrument in package npmtest_webpack_bundle_analyzer */","/*jslint","    bitwise: true,","    browser: true,","    maxerr: 8,","    maxlen: 96,","    node: true,","    nomen: true,","    regexp: true,","    stupid: true","*/","(function () {","    'use strict';","    var local;","","","","    // run shared js-env code - pre-init","    (function () {","        // init local","        local = {};","        // init modeJs","        local.modeJs = (function () {","            try {","                return typeof navigator.userAgent === 'string' &&","                    typeof document.querySelector('body') === 'object' &&","                    typeof XMLHttpRequest.prototype.open === 'function' &&","                    'browser';","            } catch (errorCaughtBrowser) {","                return module.exports &&","                    typeof process.versions.node === 'string' &&","                    typeof require('http').createServer === 'function' &&","                    'node';","            }","        }());","        // init global","        local.global = local.modeJs === 'browser'","            ? window","            : global;","        // init utility2_rollup","        local = local.global.utility2_rollup || local;","        // init lib","        local.local = local.npmtest_webpack_bundle_analyzer = local;","        // init exports","        if (local.modeJs === 'browser') {","            local.global.utility2_npmtest_webpack_bundle_analyzer = local;","        } else {","            module.exports = local;","            module.exports.__dirname = __dirname;","            module.exports.module = module;","        }","    }());","}());",""],"l":{"12":2,"14":2,"19":2,"21":2,"23":2,"24":2,"25":2,"30":1,"37":2,"41":2,"43":2,"45":2,"46":1,"48":1,"49":1,"50":1}},"/home/travis/build/npmtest/node-npmtest-webpack-bundle-analyzer/example.js":{"path":"/home/travis/build/npmtest/node-npmtest-webpack-bundle-analyzer/example.js","s":{"1":2,"2":2,"3":2,"4":2,"5":2,"6":2,"7":2,"8":1,"9":2,"10":2,"11":2,"12":2,"13":1,"14":2,"15":2,"16":2,"17":2,"18":2,"19":0,"20":2,"21":1,"22":1,"23":1,"24":1,"25":1,"26":0,"27":0,"28":1,"29":1,"30":2,"31":0,"32":0,"33":0,"34":1,"35":2,"36":2,"37":2,"38":2,"39":2,"40":2,"41":0,"42":2,"43":2,"44":2,"45":1,"46":3,"47":1,"48":1,"49":1,"50":1,"51":1,"52":1,"53":1,"54":1,"55":1,"56":1,"57":0,"58":1,"59":6,"60":6,"61":1,"62":2,"63":0,"64":2,"65":1,"66":1,"67":0,"68":0,"69":0,"70":0,"71":0,"72":0,"73":0,"74":0,"75":0,"76":0,"77":0,"78":0,"79":0,"80":0,"81":0,"82":0,"83":0},"b":{"1":[2,1,1,1],"2":[1,1,1,1],"3":[1,1],"4":[2,2],"5":[1,1],"6":[1,1],"7":[2,0],"8":[2,1,1,1,1,1],"9":[0,2,0],"10":[1,1],"11":[2,1,1],"12":[1,0],"13":[0,2],"14":[2,0,0,0,0,0,0],"15":[0,2],"16":[2,0],"17":[1,1],"18":[0,1],"19":[1,2,0,2],"20":[1,0],"21":[1,1],"22":[0,0],"23":[0,0],"24":[0,0],"25":[0,0],"26":[0,0],"27":[0,0],"28":[0,0]},"f":{"1":2,"2":2,"3":2,"4":2,"5":2,"6":2,"7":2,"8":2,"9":3,"10":1,"11":6,"12":0},"fnMap":{"1":{"name":"(anonymous_1)","line":26,"loc":{"start":{"line":26,"column":1},"end":{"line":26,"column":13}}},"2":{"name":"(anonymous_2)","line":33,"loc":{"start":{"line":33,"column":5},"end":{"line":33,"column":17}}},"3":{"name":"(anonymous_3)","line":37,"loc":{"start":{"line":37,"column":24},"end":{"line":37,"column":36}}},"4":{"name":"(anonymous_4)","line":69,"loc":{"start":{"line":69,"column":31},"end":{"line":69,"column":48}},"skip":true},"5":{"name":"(anonymous_5)","line":78,"loc":{"start":{"line":78,"column":26},"end":{"line":78,"column":45}},"skip":true},"6":{"name":"(anonymous_6)","line":123,"loc":{"start":{"line":123,"column":33},"end":{"line":123,"column":48}},"skip":true},"7":{"name":"(anonymous_7)","line":125,"loc":{"start":{"line":125,"column":27},"end":{"line":125,"column":39}},"skip":true},"8":{"name":"(anonymous_8)","line":133,"loc":{"start":{"line":133,"column":59},"end":{"line":133,"column":74}},"skip":true},"9":{"name":"(anonymous_9)","line":143,"loc":{"start":{"line":143,"column":45},"end":{"line":143,"column":62}},"skip":true},"10":{"name":"(anonymous_10)","line":144,"loc":{"start":{"line":144,"column":73},"end":{"line":144,"column":92}},"skip":true},"11":{"name":"(anonymous_11)","line":272,"loc":{"start":{"line":272,"column":51},"end":{"line":272,"column":77}},"skip":true},"12":{"name":"(anonymous_12)","line":314,"loc":{"start":{"line":314,"column":32},"end":{"line":314,"column":61}},"skip":true}},"statementMap":{"1":{"start":{"line":26,"column":0},"end":{"line":325,"column":5}},"2":{"start":{"line":28,"column":4},"end":{"line":28,"column":14}},"3":{"start":{"line":33,"column":4},"end":{"line":60,"column":9}},"4":{"start":{"line":35,"column":8},"end":{"line":35,"column":19}},"5":{"start":{"line":37,"column":8},"end":{"line":49,"column":13}},"6":{"start":{"line":38,"column":12},"end":{"line":48,"column":13}},"7":{"start":{"line":39,"column":16},"end":{"line":42,"column":30}},"8":{"start":{"line":44,"column":16},"end":{"line":47,"column":27}},"9":{"start":{"line":51,"column":8},"end":{"line":53,"column":21}},"10":{"start":{"line":55,"column":8},"end":{"line":57,"column":45}},"11":{"start":{"line":59,"column":8},"end":{"line":59,"column":35}},"12":{"start":{"line":61,"column":4},"end":{"line":324,"column":5}},"13":{"start":{"line":69,"column":8},"end":{"line":121,"column":10},"skip":true},"14":{"start":{"line":70,"column":12},"end":{"line":88,"column":13},"skip":true},"15":{"start":{"line":76,"column":16},"end":{"line":87,"column":19},"skip":true},"16":{"start":{"line":79,"column":20},"end":{"line":86,"column":21},"skip":true},"17":{"start":{"line":82,"column":24},"end":{"line":82,"column":43},"skip":true},"18":{"start":{"line":83,"column":24},"end":{"line":83,"column":30},"skip":true},"19":{"start":{"line":85,"column":24},"end":{"line":85,"column":49},"skip":true},"20":{"start":{"line":89,"column":12},"end":{"line":107,"column":13},"skip":true},"21":{"start":{"line":92,"column":16},"end":{"line":102,"column":17},"skip":true},"22":{"start":{"line":93,"column":20},"end":{"line":93,"column":86},"skip":true},"23":{"start":{"line":94,"column":20},"end":{"line":95,"column":45},"skip":true},"24":{"start":{"line":96,"column":20},"end":{"line":96,"column":42},"skip":true},"25":{"start":{"line":97,"column":20},"end":{"line":97,"column":48},"skip":true},"26":{"start":{"line":100,"column":20},"end":{"line":100,"column":85},"skip":true},"27":{"start":{"line":101,"column":20},"end":{"line":101,"column":96},"skip":true},"28":{"start":{"line":103,"column":16},"end":{"line":103,"column":22},"skip":true},"29":{"start":{"line":106,"column":16},"end":{"line":106,"column":22},"skip":true},"30":{"start":{"line":108,"column":12},"end":{"line":120,"column":13},"skip":true},"31":{"start":{"line":114,"column":16},"end":{"line":119,"column":17},"skip":true},"32":{"start":{"line":116,"column":20},"end":{"line":116,"column":78},"skip":true},"33":{"start":{"line":118,"column":20},"end":{"line":118,"column":53},"skip":true},"34":{"start":{"line":123,"column":8},"end":{"line":141,"column":11},"skip":true},"35":{"start":{"line":124,"column":12},"end":{"line":124,"column":54},"skip":true},"36":{"start":{"line":125,"column":12},"end":{"line":140,"column":14},"skip":true},"37":{"start":{"line":126,"column":16},"end":{"line":126,"column":28},"skip":true},"38":{"start":{"line":127,"column":16},"end":{"line":127,"column":69},"skip":true},"39":{"start":{"line":128,"column":16},"end":{"line":128,"column":75},"skip":true},"40":{"start":{"line":129,"column":16},"end":{"line":131,"column":17},"skip":true},"41":{"start":{"line":130,"column":20},"end":{"line":130,"column":27},"skip":true},"42":{"start":{"line":133,"column":16},"end":{"line":137,"column":36},"skip":true},"43":{"start":{"line":134,"column":20},"end":{"line":136,"column":55},"skip":true},"44":{"start":{"line":139,"column":16},"end":{"line":139,"column":57},"skip":true},"45":{"start":{"line":143,"column":8},"end":{"line":147,"column":11},"skip":true},"46":{"start":{"line":144,"column":12},"end":{"line":146,"column":15},"skip":true},"47":{"start":{"line":145,"column":16},"end":{"line":145,"column":70},"skip":true},"48":{"start":{"line":149,"column":8},"end":{"line":149,"column":31},"skip":true},"49":{"start":{"line":150,"column":8},"end":{"line":150,"column":14},"skip":true},"50":{"start":{"line":158,"column":8},"end":{"line":158,"column":31},"skip":true},"51":{"start":{"line":160,"column":8},"end":{"line":160,"column":33},"skip":true},"52":{"start":{"line":161,"column":8},"end":{"line":161,"column":37},"skip":true},"53":{"start":{"line":162,"column":8},"end":{"line":162,"column":35},"skip":true},"54":{"start":{"line":164,"column":8},"end":{"line":164,"column":50},"skip":true},"55":{"start":{"line":166,"column":8},"end":{"line":256,"column":2},"skip":true},"56":{"start":{"line":258,"column":8},"end":{"line":286,"column":9},"skip":true},"57":{"start":{"line":259,"column":12},"end":{"line":269,"column":14},"skip":true},"58":{"start":{"line":271,"column":12},"end":{"line":285,"column":19},"skip":true},"59":{"start":{"line":274,"column":20},"end":{"line":274,"column":35},"skip":true},"60":{"start":{"line":275,"column":20},"end":{"line":284,"column":21},"skip":true},"61":{"start":{"line":277,"column":24},"end":{"line":277,"column":64},"skip":true},"62":{"start":{"line":279,"column":24},"end":{"line":279,"column":40},"skip":true},"63":{"start":{"line":281,"column":24},"end":{"line":281,"column":40},"skip":true},"64":{"start":{"line":283,"column":24},"end":{"line":283,"column":39},"skip":true},"65":{"start":{"line":288,"column":8},"end":{"line":290,"column":9},"skip":true},"66":{"start":{"line":289,"column":12},"end":{"line":289,"column":18},"skip":true},"67":{"start":{"line":291,"column":8},"end":{"line":293,"column":54},"skip":true},"68":{"start":{"line":294,"column":8},"end":{"line":301,"column":37},"skip":true},"69":{"start":{"line":302,"column":8},"end":{"line":302,"column":82},"skip":true},"70":{"start":{"line":305,"column":8},"end":{"line":307,"column":9},"skip":true},"71":{"start":{"line":306,"column":12},"end":{"line":306,"column":82},"skip":true},"72":{"start":{"line":309,"column":8},"end":{"line":311,"column":9},"skip":true},"73":{"start":{"line":310,"column":12},"end":{"line":310,"column":18},"skip":true},"74":{"start":{"line":312,"column":8},"end":{"line":312,"column":54},"skip":true},"75":{"start":{"line":313,"column":8},"end":{"line":313,"column":69},"skip":true},"76":{"start":{"line":314,"column":8},"end":{"line":322,"column":36},"skip":true},"77":{"start":{"line":315,"column":12},"end":{"line":315,"column":61},"skip":true},"78":{"start":{"line":316,"column":12},"end":{"line":319,"column":13},"skip":true},"79":{"start":{"line":317,"column":16},"end":{"line":317,"column":75},"skip":true},"80":{"start":{"line":318,"column":16},"end":{"line":318,"column":23},"skip":true},"81":{"start":{"line":320,"column":12},"end":{"line":320,"column":38},"skip":true},"82":{"start":{"line":321,"column":12},"end":{"line":321,"column":27},"skip":true},"83":{"start":{"line":323,"column":8},"end":{"line":323,"column":14},"skip":true}},"branchMap":{"1":{"line":39,"type":"binary-expr","locations":[{"start":{"line":39,"column":23},"end":{"line":39,"column":62}},{"start":{"line":40,"column":20},"end":{"line":40,"column":70}},{"start":{"line":41,"column":20},"end":{"line":41,"column":71}},{"start":{"line":42,"column":20},"end":{"line":42,"column":29}}]},"2":{"line":44,"type":"binary-expr","locations":[{"start":{"line":44,"column":23},"end":{"line":44,"column":37}},{"start":{"line":45,"column":20},"end":{"line":45,"column":61}},{"start":{"line":46,"column":20},"end":{"line":46,"column":70}},{"start":{"line":47,"column":20},"end":{"line":47,"column":26}}]},"3":{"line":51,"type":"cond-expr","locations":[{"start":{"line":52,"column":14},"end":{"line":52,"column":20}},{"start":{"line":53,"column":14},"end":{"line":53,"column":20}}]},"4":{"line":55,"type":"binary-expr","locations":[{"start":{"line":55,"column":16},"end":{"line":55,"column":44}},{"start":{"line":55,"column":49},"end":{"line":57,"column":43}}]},"5":{"line":55,"type":"cond-expr","locations":[{"start":{"line":56,"column":14},"end":{"line":56,"column":67}},{"start":{"line":57,"column":14},"end":{"line":57,"column":43}}]},"6":{"line":61,"type":"switch","locations":[{"start":{"line":68,"column":4},"end":{"line":150,"column":14},"skip":true},{"start":{"line":156,"column":4},"end":{"line":323,"column":14},"skip":true}]},"7":{"line":70,"type":"if","locations":[{"start":{"line":70,"column":12},"end":{"line":70,"column":12},"skip":true},{"start":{"line":70,"column":12},"end":{"line":70,"column":12},"skip":true}]},"8":{"line":70,"type":"binary-expr","locations":[{"start":{"line":70,"column":16},"end":{"line":70,"column":22},"skip":true},{"start":{"line":70,"column":27},"end":{"line":70,"column":32},"skip":true},{"start":{"line":71,"column":20},"end":{"line":71,"column":39},"skip":true},{"start":{"line":72,"column":20},"end":{"line":72,"column":49},"skip":true},{"start":{"line":73,"column":20},"end":{"line":73,"column":58},"skip":true},{"start":{"line":74,"column":20},"end":{"line":74,"column":69},"skip":true}]},"9":{"line":79,"type":"switch","locations":[{"start":{"line":80,"column":20},"end":{"line":80,"column":33},"skip":true},{"start":{"line":81,"column":20},"end":{"line":83,"column":30},"skip":true},{"start":{"line":84,"column":20},"end":{"line":85,"column":49},"skip":true}]},"10":{"line":89,"type":"switch","locations":[{"start":{"line":90,"column":12},"end":{"line":103,"column":22},"skip":true},{"start":{"line":105,"column":12},"end":{"line":106,"column":22},"skip":true}]},"11":{"line":89,"type":"binary-expr","locations":[{"start":{"line":89,"column":20},"end":{"line":89,"column":25},"skip":true},{"start":{"line":89,"column":29},"end":{"line":89,"column":48},"skip":true},{"start":{"line":89,"column":52},"end":{"line":89,"column":74},"skip":true}]},"12":{"line":92,"type":"if","locations":[{"start":{"line":92,"column":16},"end":{"line":92,"column":16},"skip":true},{"start":{"line":92,"column":16},"end":{"line":92,"column":16},"skip":true}]},"13":{"line":108,"type":"if","locations":[{"start":{"line":108,"column":12},"end":{"line":108,"column":12},"skip":true},{"start":{"line":108,"column":12},"end":{"line":108,"column":12},"skip":true}]},"14":{"line":108,"type":"binary-expr","locations":[{"start":{"line":108,"column":16},"end":{"line":108,"column":61},"skip":true},{"start":{"line":108,"column":66},"end":{"line":108,"column":72},"skip":true},{"start":{"line":108,"column":77},"end":{"line":108,"column":82},"skip":true},{"start":{"line":109,"column":20},"end":{"line":109,"column":39},"skip":true},{"start":{"line":110,"column":20},"end":{"line":110,"column":49},"skip":true},{"start":{"line":111,"column":20},"end":{"line":111,"column":58},"skip":true},{"start":{"line":112,"column":20},"end":{"line":112,"column":68},"skip":true}]},"15":{"line":129,"type":"if","locations":[{"start":{"line":129,"column":16},"end":{"line":129,"column":16},"skip":true},{"start":{"line":129,"column":16},"end":{"line":129,"column":16},"skip":true}]},"16":{"line":134,"type":"cond-expr","locations":[{"start":{"line":135,"column":26},"end":{"line":135,"column":29},"skip":true},{"start":{"line":136,"column":26},"end":{"line":136,"column":54},"skip":true}]},"17":{"line":164,"type":"binary-expr","locations":[{"start":{"line":164,"column":27},"end":{"line":164,"column":43},"skip":true},{"start":{"line":164,"column":47},"end":{"line":164,"column":49},"skip":true}]},"18":{"line":258,"type":"if","locations":[{"start":{"line":258,"column":8},"end":{"line":258,"column":8},"skip":true},{"start":{"line":258,"column":8},"end":{"line":258,"column":8},"skip":true}]},"19":{"line":275,"type":"switch","locations":[{"start":{"line":276,"column":20},"end":{"line":277,"column":64},"skip":true},{"start":{"line":278,"column":20},"end":{"line":279,"column":40},"skip":true},{"start":{"line":280,"column":20},"end":{"line":281,"column":40},"skip":true},{"start":{"line":282,"column":20},"end":{"line":283,"column":39},"skip":true}]},"20":{"line":288,"type":"if","locations":[{"start":{"line":288,"column":8},"end":{"line":288,"column":8},"skip":true},{"start":{"line":288,"column":8},"end":{"line":288,"column":8},"skip":true}]},"21":{"line":288,"type":"binary-expr","locations":[{"start":{"line":288,"column":12},"end":{"line":288,"column":40},"skip":true},{"start":{"line":288,"column":44},"end":{"line":288,"column":67},"skip":true}]},"22":{"line":292,"type":"binary-expr","locations":[{"start":{"line":292,"column":12},"end":{"line":292,"column":50},"skip":true},{"start":{"line":293,"column":12},"end":{"line":293,"column":53},"skip":true}]},"23":{"line":295,"type":"binary-expr","locations":[{"start":{"line":295,"column":12},"end":{"line":295,"column":81},"skip":true},{"start":{"line":296,"column":12},"end":{"line":301,"column":36},"skip":true}]},"24":{"line":302,"type":"binary-expr","locations":[{"start":{"line":302,"column":43},"end":{"line":302,"column":75},"skip":true},{"start":{"line":302,"column":79},"end":{"line":302,"column":81},"skip":true}]},"25":{"line":305,"type":"if","locations":[{"start":{"line":305,"column":8},"end":{"line":305,"column":8},"skip":true},{"start":{"line":305,"column":8},"end":{"line":305,"column":8},"skip":true}]},"26":{"line":309,"type":"if","locations":[{"start":{"line":309,"column":8},"end":{"line":309,"column":8},"skip":true},{"start":{"line":309,"column":8},"end":{"line":309,"column":8},"skip":true}]},"27":{"line":312,"type":"binary-expr","locations":[{"start":{"line":312,"column":27},"end":{"line":312,"column":43},"skip":true},{"start":{"line":312,"column":47},"end":{"line":312,"column":53},"skip":true}]},"28":{"line":316,"type":"if","locations":[{"start":{"line":316,"column":12},"end":{"line":316,"column":12},"skip":true},{"start":{"line":316,"column":12},"end":{"line":316,"column":12},"skip":true}]}},"code":["/*","example.js","","quickstart example","","instruction","    1. save this script as example.js","    2. run the shell command:","        $ npm install npmtest-webpack-bundle-analyzer && PORT=8081 node example.js","    3. play with the browser-demo on http://127.0.0.1:8081","*/","","","","/* istanbul instrument in package npmtest_webpack_bundle_analyzer */","/*jslint","    bitwise: true,","    browser: true,","    maxerr: 8,","    maxlen: 96,","    node: true,","    nomen: true,","    regexp: true,","    stupid: true","*/","(function () {","    'use strict';","    var local;","","","","    // run shared js-env code - pre-init","    (function () {","        // init local","        local = {};","        // init modeJs","        local.modeJs = (function () {","            try {","                return typeof navigator.userAgent === 'string' &&","                    typeof document.querySelector('body') === 'object' &&","                    typeof XMLHttpRequest.prototype.open === 'function' &&","                    'browser';","            } catch (errorCaughtBrowser) {","                return module.exports &&","                    typeof process.versions.node === 'string' &&","                    typeof require('http').createServer === 'function' &&","                    'node';","            }","        }());","        // init global","        local.global = local.modeJs === 'browser'","            ? window","            : global;","        // init utility2_rollup","        local = local.global.utility2_rollup || (local.modeJs === 'browser'","            ? local.global.utility2_npmtest_webpack_bundle_analyzer","            : global.utility2_moduleExports);","        // export local","        local.global.local = local;","    }());","    switch (local.modeJs) {","","","","    // post-init","    // run browser js-env code - post-init","    /* istanbul ignore next */","    case 'browser':","        local.testRunBrowser = function (event) {","            if (!event || (event &&","                    event.currentTarget &&","                    event.currentTarget.className &&","                    event.currentTarget.className.includes &&","                    event.currentTarget.className.includes('onreset'))) {","                // reset output","                Array.from(","                    document.querySelectorAll('body > .resettable')","                ).forEach(function (element) {","                    switch (element.tagName) {","                    case 'INPUT':","                    case 'TEXTAREA':","                        element.value = '';","                        break;","                    default:","                        element.textContent = '';","                    }","                });","            }","            switch (event && event.currentTarget && event.currentTarget.id) {","            case 'testRunButton1':","                // show tests","                if (document.querySelector('#testReportDiv1').style.display === 'none') {","                    document.querySelector('#testReportDiv1').style.display = 'block';","                    document.querySelector('#testRunButton1').textContent =","                        'hide internal test';","                    local.modeTest = true;","                    local.testRunDefault(local);","                // hide tests","                } else {","                    document.querySelector('#testReportDiv1').style.display = 'none';","                    document.querySelector('#testRunButton1').textContent = 'run internal test';","                }","                break;","            // custom-case","            default:","                break;","            }","            if (document.querySelector('#inputTextareaEval1') && (!event || (event &&","                    event.currentTarget &&","                    event.currentTarget.className &&","                    event.currentTarget.className.includes &&","                    event.currentTarget.className.includes('oneval')))) {","                // try to eval input-code","                try {","                    /*jslint evil: true*/","                    eval(document.querySelector('#inputTextareaEval1').value);","                } catch (errorCaught) {","                    console.error(errorCaught.stack);","                }","            }","        };","        // log stderr and stdout to #outputTextareaStdout1","        ['error', 'log'].forEach(function (key) {","            console[key + '_original'] = console[key];","            console[key] = function () {","                var element;","                console[key + '_original'].apply(console, arguments);","                element = document.querySelector('#outputTextareaStdout1');","                if (!element) {","                    return;","                }","                // append text to #outputTextareaStdout1","                element.value += Array.from(arguments).map(function (arg) {","                    return typeof arg === 'string'","                        ? arg","                        : JSON.stringify(arg, null, 4);","                }).join(' ') + '\\n';","                // scroll textarea to bottom","                element.scrollTop = element.scrollHeight;","            };","        });","        // init event-handling","        ['change', 'click', 'keyup'].forEach(function (event) {","            Array.from(document.querySelectorAll('.on' + event)).forEach(function (element) {","                element.addEventListener(event, local.testRunBrowser);","            });","        });","        // run tests","        local.testRunBrowser();","        break;","","","","    // run node js-env code - post-init","    /* istanbul ignore next */","    case 'node':","        // export local","        module.exports = local;","        // require modules","        local.fs = require('fs');","        local.http = require('http');","        local.url = require('url');","        // init assets","        local.assetsDict = local.assetsDict || {};","        /* jslint-ignore-begin */","        local.assetsDict['/assets.index.template.html'] = '\\","<!doctype html>\\n\\","<html lang=\"en\">\\n\\","<head>\\n\\","<meta charset=\"UTF-8\">\\n\\","<meta name=\"viewport\" content=\"width=device-width, initial-scale=1\">\\n\\","<title>{{env.npm_package_name}} (v{{env.npm_package_version}})</title>\\n\\","<style>\\n\\","/*csslint\\n\\","    box-sizing: false,\\n\\","    universal-selector: false\\n\\","*/\\n\\","* {\\n\\","    box-sizing: border-box;\\n\\","}\\n\\","body {\\n\\","    background: #dde;\\n\\","    font-family: Arial, Helvetica, sans-serif;\\n\\","    margin: 2rem;\\n\\","}\\n\\","body > * {\\n\\","    margin-bottom: 1rem;\\n\\","}\\n\\",".utility2FooterDiv {\\n\\","    margin-top: 20px;\\n\\","    text-align: center;\\n\\","}\\n\\","</style>\\n\\","<style>\\n\\","/*csslint\\n\\","*/\\n\\","textarea {\\n\\","    font-family: monospace;\\n\\","    height: 10rem;\\n\\","    width: 100%;\\n\\","}\\n\\","textarea[readonly] {\\n\\","    background: #ddd;\\n\\","}\\n\\","</style>\\n\\","</head>\\n\\","<body>\\n\\","<!-- utility2-comment\\n\\","<div id=\"ajaxProgressDiv1\" style=\"background: #d00; height: 2px; left: 0; margin: 0; padding: 0; position: fixed; top: 0; transition: background 0.5s, width 1.5s; width: 25%;\"></div>\\n\\","utility2-comment -->\\n\\","<h1>\\n\\","<!-- utility2-comment\\n\\","    <a\\n\\","        {{#if env.npm_package_homepage}}\\n\\","        href=\"{{env.npm_package_homepage}}\"\\n\\","        {{/if env.npm_package_homepage}}\\n\\","        target=\"_blank\"\\n\\","    >\\n\\","utility2-comment -->\\n\\","        {{env.npm_package_name}} (v{{env.npm_package_version}})\\n\\","<!-- utility2-comment\\n\\","    </a>\\n\\","utility2-comment -->\\n\\","</h1>\\n\\","<h3>{{env.npm_package_description}}</h3>\\n\\","<!-- utility2-comment\\n\\","<h4><a download href=\"assets.app.js\">download standalone app</a></h4>\\n\\","<button class=\"onclick onreset\" id=\"testRunButton1\">run internal test</button><br>\\n\\","<div id=\"testReportDiv1\" style=\"display: none;\"></div>\\n\\","utility2-comment -->\\n\\","\\n\\","\\n\\","\\n\\","<label>stderr and stdout</label>\\n\\","<textarea class=\"resettable\" id=\"outputTextareaStdout1\" readonly></textarea>\\n\\","<!-- utility2-comment\\n\\","{{#if isRollup}}\\n\\","<script src=\"assets.app.js\"></script>\\n\\","{{#unless isRollup}}\\n\\","utility2-comment -->\\n\\","<script src=\"assets.utility2.rollup.js\"></script>\\n\\","<script src=\"jsonp.utility2._stateInit?callback=window.utility2._stateInit\"></script>\\n\\","<script src=\"assets.npmtest_webpack_bundle_analyzer.rollup.js\"></script>\\n\\","<script src=\"assets.example.js\"></script>\\n\\","<script src=\"assets.test.js\"></script>\\n\\","<!-- utility2-comment\\n\\","{{/if isRollup}}\\n\\","utility2-comment -->\\n\\","<div class=\"utility2FooterDiv\">\\n\\","    [ this app was created with\\n\\","    <a href=\"https://github.com/kaizhu256/node-utility2\" target=\"_blank\">utility2</a>\\n\\","    ]\\n\\","</div>\\n\\","</body>\\n\\","</html>\\n\\","';","        /* jslint-ignore-end */","        if (local.templateRender) {","            local.assetsDict['/'] = local.templateRender(","                local.assetsDict['/assets.index.template.html'],","                {","                    env: local.objectSetDefault(local.env, {","                        npm_package_description: 'the greatest app in the world!',","                        npm_package_name: 'my-app',","                        npm_package_nameAlias: 'my_app',","                        npm_package_version: '0.0.1'","                    })","                }","            );","        } else {","            local.assetsDict['/'] = local.assetsDict['/assets.index.template.html']","                .replace((/\\{\\{env\\.(\\w+?)\\}\\}/g), function (match0, match1) {","                    // jslint-hack","                    String(match0);","                    switch (match1) {","                    case 'npm_package_description':","                        return 'the greatest app in the world!';","                    case 'npm_package_name':","                        return 'my-app';","                    case 'npm_package_nameAlias':","                        return 'my_app';","                    case 'npm_package_version':","                        return '0.0.1';","                    }","                });","        }","        // run the cli","        if (local.global.utility2_rollup || module !== require.main) {","            break;","        }","        local.assetsDict['/assets.example.js'] =","            local.assetsDict['/assets.example.js'] ||","            local.fs.readFileSync(__filename, 'utf8');","        local.assetsDict['/assets.npmtest_webpack_bundle_analyzer.rollup.js'] =","            local.assetsDict['/assets.npmtest_webpack_bundle_analyzer.rollup.js'] ||","            local.fs.readFileSync(","                // buildCustomOrg-hack","                local.npmtest_webpack_bundle_analyzer.__dirname +","                    '/lib.npmtest_webpack_bundle_analyzer.js',","                'utf8'","            ).replace((/^#!/), '//');","        local.assetsDict['/favicon.ico'] = local.assetsDict['/favicon.ico'] || '';","        // if $npm_config_timeout_exit exists,","        // then exit this process after $npm_config_timeout_exit ms","        if (Number(process.env.npm_config_timeout_exit)) {","            setTimeout(process.exit, Number(process.env.npm_config_timeout_exit));","        }","        // start server","        if (local.global.utility2_serverHttp1) {","            break;","        }","        process.env.PORT = process.env.PORT || '8081';","        console.error('server starting on port ' + process.env.PORT);","        local.http.createServer(function (request, response) {","            request.urlParsed = local.url.parse(request.url);","            if (local.assetsDict[request.urlParsed.pathname] !== undefined) {","                response.end(local.assetsDict[request.urlParsed.pathname]);","                return;","            }","            response.statusCode = 404;","            response.end();","        }).listen(process.env.PORT);","        break;","    }","}());",""],"l":{"26":2,"28":2,"33":2,"35":2,"37":2,"38":2,"39":2,"44":1,"51":2,"55":2,"59":2,"61":2,"69":1,"70":2,"76":2,"79":2,"82":2,"83":2,"85":1,"89":2,"92":1,"93":1,"94":1,"96":1,"97":1,"100":1,"101":1,"103":1,"106":1,"108":2,"114":1,"116":1,"118":1,"123":1,"124":2,"125":2,"126":2,"127":2,"128":2,"129":2,"130":1,"133":2,"134":2,"139":2,"143":1,"144":3,"145":1,"149":1,"150":1,"158":1,"160":1,"161":1,"162":1,"164":1,"166":1,"258":1,"259":1,"271":1,"274":6,"275":6,"277":1,"279":2,"281":1,"283":2,"288":1,"289":1,"291":1,"294":1,"302":1,"305":1,"306":1,"309":1,"310":1,"312":1,"313":1,"314":1,"315":1,"316":1,"317":1,"318":1,"320":1,"321":1,"323":1}},"/home/travis/build/npmtest/node-npmtest-webpack-bundle-analyzer/webpack-bundle-analyzer/lib/index.js":{"path":"/home/travis/build/npmtest/node-npmtest-webpack-bundle-analyzer/webpack-bundle-analyzer/lib/index.js","s":{"1":1,"2":1},"b":{},"f":{},"fnMap":{},"statementMap":{"1":{"start":{"line":3,"column":0},"end":{"line":4,"column":27}},"2":{"start":{"line":6,"column":0},"end":{"line":9,"column":2}}},"branchMap":{},"code":["'use strict';","","var _require = require('./viewer'),","    start = _require.start;","","module.exports = {","  start: start,","  BundleAnalyzerPlugin: require('./BundleAnalyzerPlugin')","};"],"l":{"3":1,"6":1}},"/home/travis/build/npmtest/node-npmtest-webpack-bundle-analyzer/webpack-bundle-analyzer/lib/viewer.js":{"path":"/home/travis/build/npmtest/node-npmtest-webpack-bundle-analyzer/webpack-bundle-analyzer/lib/viewer.js","s":{"1":1,"2":1,"3":1,"4":1,"5":1,"6":1,"7":1,"8":1,"9":1,"10":1,"11":1,"12":1,"13":1,"14":0,"15":0,"16":0,"17":0,"18":0,"19":0,"20":0,"21":0,"22":0,"23":0,"24":0,"25":0,"26":0,"27":0,"28":0,"29":0,"30":1,"31":0,"32":0,"33":0,"34":0,"35":0,"36":0,"37":0,"38":0,"39":0,"40":0,"41":0,"42":0,"43":0,"44":0,"45":0,"46":1,"47":0,"48":1,"49":0,"50":0,"51":0,"52":0,"53":0,"54":0,"55":0,"56":0,"57":0,"58":0,"59":0},"b":{"1":[0,0],"2":[0,0],"3":[0,0],"4":[0,0],"5":[0,0],"6":[0,0],"7":[0,0],"8":[0,0],"9":[0,0],"10":[0,0],"11":[0,0],"12":[0,0],"13":[0,0],"14":[0,0],"15":[0,0],"16":[0,0],"17":[0,0],"18":[0,0],"19":[0,0]},"f":{"1":0,"2":0,"3":0,"4":0,"5":0,"6":0,"7":0},"fnMap":{"1":{"name":"startServer","line":27,"loc":{"start":{"line":27,"column":0},"end":{"line":27,"column":40}}},"2":{"name":"(anonymous_2)","line":53,"loc":{"start":{"line":53,"column":15},"end":{"line":53,"column":35}}},"3":{"name":"(anonymous_3)","line":60,"loc":{"start":{"line":60,"column":32},"end":{"line":60,"column":44}}},"4":{"name":"generateReport","line":71,"loc":{"start":{"line":71,"column":0},"end":{"line":71,"column":43}}},"5":{"name":"(anonymous_5)","line":90,"loc":{"start":{"line":90,"column":5},"end":{"line":90,"column":32}}},"6":{"name":"getAssetContent","line":110,"loc":{"start":{"line":110,"column":0},"end":{"line":110,"column":35}}},"7":{"name":"getChartData","line":114,"loc":{"start":{"line":114,"column":0},"end":{"line":114,"column":30}}}},"statementMap":{"1":{"start":{"line":3,"column":0},"end":{"line":3,"column":27}},"2":{"start":{"line":4,"column":0},"end":{"line":4,"column":23}},"3":{"start":{"line":6,"column":0},"end":{"line":6,"column":26}},"4":{"start":{"line":7,"column":0},"end":{"line":7,"column":33}},"5":{"start":{"line":8,"column":0},"end":{"line":8,"column":25}},"6":{"start":{"line":9,"column":0},"end":{"line":9,"column":31}},"7":{"start":{"line":10,"column":0},"end":{"line":10,"column":30}},"8":{"start":{"line":12,"column":0},"end":{"line":13,"column":25}},"9":{"start":{"line":15,"column":0},"end":{"line":15,"column":33}},"10":{"start":{"line":16,"column":0},"end":{"line":16,"column":37}},"11":{"start":{"line":18,"column":0},"end":{"line":18,"column":48}},"12":{"start":{"line":20,"column":0},"end":{"line":25,"column":2}},"13":{"start":{"line":27,"column":0},"end":{"line":69,"column":1}},"14":{"start":{"line":28,"column":2},"end":{"line":38,"column":70}},"15":{"start":{"line":40,"column":2},"end":{"line":40,"column":63}},"16":{"start":{"line":42,"column":2},"end":{"line":42,"column":25}},"17":{"start":{"line":42,"column":18},"end":{"line":42,"column":25}},"18":{"start":{"line":44,"column":2},"end":{"line":44,"column":22}},"19":{"start":{"line":48,"column":2},"end":{"line":48,"column":47}},"20":{"start":{"line":49,"column":2},"end":{"line":49,"column":32}},"21":{"start":{"line":50,"column":2},"end":{"line":50,"column":43}},"22":{"start":{"line":51,"column":2},"end":{"line":51,"column":51}},"23":{"start":{"line":53,"column":2},"end":{"line":58,"column":5}},"24":{"start":{"line":54,"column":4},"end":{"line":57,"column":7}},"25":{"start":{"line":60,"column":2},"end":{"line":68,"column":5}},"26":{"start":{"line":61,"column":4},"end":{"line":61,"column":44}},"27":{"start":{"line":63,"column":4},"end":{"line":63,"column":133}},"28":{"start":{"line":65,"column":4},"end":{"line":67,"column":5}},"29":{"start":{"line":66,"column":6},"end":{"line":66,"column":18}},"30":{"start":{"line":71,"column":0},"end":{"line":108,"column":1}},"31":{"start":{"line":72,"column":2},"end":{"line":80,"column":72}},"32":{"start":{"line":82,"column":2},"end":{"line":82,"column":63}},"33":{"start":{"line":84,"column":2},"end":{"line":84,"column":25}},"34":{"start":{"line":84,"column":18},"end":{"line":84,"column":25}},"35":{"start":{"line":86,"column":2},"end":{"line":107,"column":5}},"36":{"start":{"line":91,"column":4},"end":{"line":91,"column":38}},"37":{"start":{"line":91,"column":13},"end":{"line":91,"column":38}},"38":{"start":{"line":93,"column":4},"end":{"line":93,"column":40}},"39":{"start":{"line":95,"column":4},"end":{"line":97,"column":5}},"40":{"start":{"line":96,"column":6},"end":{"line":96,"column":80}},"41":{"start":{"line":99,"column":4},"end":{"line":99,"column":45}},"42":{"start":{"line":100,"column":4},"end":{"line":100,"column":49}},"43":{"start":{"line":102,"column":4},"end":{"line":102,"column":94}},"44":{"start":{"line":104,"column":4},"end":{"line":106,"column":5}},"45":{"start":{"line":105,"column":6},"end":{"line":105,"column":41}},"46":{"start":{"line":110,"column":0},"end":{"line":112,"column":1}},"47":{"start":{"line":111,"column":2},"end":{"line":111,"column":70}},"48":{"start":{"line":114,"column":0},"end":{"line":134,"column":1}},"49":{"start":{"line":115,"column":2},"end":{"line":115,"column":25}},"50":{"start":{"line":117,"column":2},"end":{"line":126,"column":3}},"51":{"start":{"line":118,"column":4},"end":{"line":120,"column":5}},"52":{"start":{"line":119,"column":6},"end":{"line":119,"column":39}},"53":{"start":{"line":122,"column":4},"end":{"line":122,"column":90}},"54":{"start":{"line":124,"column":4},"end":{"line":124,"column":61}},"55":{"start":{"line":125,"column":4},"end":{"line":125,"column":21}},"56":{"start":{"line":128,"column":2},"end":{"line":131,"column":3}},"57":{"start":{"line":129,"column":4},"end":{"line":129,"column":79}},"58":{"start":{"line":130,"column":4},"end":{"line":130,"column":21}},"59":{"start":{"line":133,"column":2},"end":{"line":133,"column":19}}},"branchMap":{"1":{"line":28,"type":"binary-expr","locations":[{"start":{"line":28,"column":13},"end":{"line":28,"column":17}},{"start":{"line":28,"column":21},"end":{"line":28,"column":23}}]},"2":{"line":30,"type":"cond-expr","locations":[{"start":{"line":30,"column":39},"end":{"line":30,"column":43}},{"start":{"line":30,"column":46},"end":{"line":30,"column":55}}]},"3":{"line":32,"type":"cond-expr","locations":[{"start":{"line":32,"column":39},"end":{"line":32,"column":50}},{"start":{"line":32,"column":53},"end":{"line":32,"column":62}}]},"4":{"line":34,"type":"cond-expr","locations":[{"start":{"line":34,"column":53},"end":{"line":34,"column":57}},{"start":{"line":34,"column":60},"end":{"line":34,"column":76}}]},"5":{"line":36,"type":"cond-expr","locations":[{"start":{"line":36,"column":49},"end":{"line":36,"column":53}},{"start":{"line":36,"column":56},"end":{"line":36,"column":70}}]},"6":{"line":38,"type":"cond-expr","locations":[{"start":{"line":38,"column":43},"end":{"line":38,"column":55}},{"start":{"line":38,"column":58},"end":{"line":38,"column":69}}]},"7":{"line":42,"type":"if","locations":[{"start":{"line":42,"column":2},"end":{"line":42,"column":2}},{"start":{"line":42,"column":2},"end":{"line":42,"column":2}}]},"8":{"line":65,"type":"if","locations":[{"start":{"line":65,"column":4},"end":{"line":65,"column":4}},{"start":{"line":65,"column":4},"end":{"line":65,"column":4}}]},"9":{"line":72,"type":"binary-expr","locations":[{"start":{"line":72,"column":14},"end":{"line":72,"column":18}},{"start":{"line":72,"column":22},"end":{"line":72,"column":24}}]},"10":{"line":74,"type":"cond-expr","locations":[{"start":{"line":74,"column":54},"end":{"line":74,"column":58}},{"start":{"line":74,"column":61},"end":{"line":74,"column":78}}]},"11":{"line":76,"type":"cond-expr","locations":[{"start":{"line":76,"column":60},"end":{"line":76,"column":73}},{"start":{"line":76,"column":76},"end":{"line":76,"column":96}}]},"12":{"line":78,"type":"cond-expr","locations":[{"start":{"line":78,"column":50},"end":{"line":78,"column":54}},{"start":{"line":78,"column":57},"end":{"line":78,"column":72}}]},"13":{"line":80,"type":"cond-expr","locations":[{"start":{"line":80,"column":44},"end":{"line":80,"column":56}},{"start":{"line":80,"column":59},"end":{"line":80,"column":71}}]},"14":{"line":84,"type":"if","locations":[{"start":{"line":84,"column":2},"end":{"line":84,"column":2}},{"start":{"line":84,"column":2},"end":{"line":84,"column":2}}]},"15":{"line":91,"type":"if","locations":[{"start":{"line":91,"column":4},"end":{"line":91,"column":4}},{"start":{"line":91,"column":4},"end":{"line":91,"column":4}}]},"16":{"line":95,"type":"if","locations":[{"start":{"line":95,"column":4},"end":{"line":95,"column":4}},{"start":{"line":95,"column":4},"end":{"line":95,"column":4}}]},"17":{"line":96,"type":"binary-expr","locations":[{"start":{"line":96,"column":36},"end":{"line":96,"column":45}},{"start":{"line":96,"column":49},"end":{"line":96,"column":62}}]},"18":{"line":104,"type":"if","locations":[{"start":{"line":104,"column":4},"end":{"line":104,"column":4}},{"start":{"line":104,"column":4},"end":{"line":104,"column":4}}]},"19":{"line":128,"type":"if","locations":[{"start":{"line":128,"column":2},"end":{"line":128,"column":2}},{"start":{"line":128,"column":2},"end":{"line":128,"column":2}}]}},"code":["'use strict';","","var path = require('path');","var fs = require('fs');","","var _ = require('lodash');","var express = require('express');","var ejs = require('ejs');","var opener = require('opener');","var mkdir = require('mkdirp');","","var _require = require('chalk'),","    bold = _require.bold;","","var Logger = require('./Logger');","var analyzer = require('./analyzer');","","var projectRoot = path.resolve(__dirname, '..');","","module.exports = {","  startServer: startServer,","  generateReport: generateReport,","  // deprecated","  start: startServer","};","","function startServer(bundleStats, opts) {","  var _ref = opts || {},","      _ref$port = _ref.port,","      port = _ref$port === undefined ? 8888 : _ref$port,","      _ref$host = _ref.host,","      host = _ref$host === undefined ? '127.0.0.1' : _ref$host,","      _ref$openBrowser = _ref.openBrowser,","      openBrowser = _ref$openBrowser === undefined ? true : _ref$openBrowser,","      _ref$bundleDir = _ref.bundleDir,","      bundleDir = _ref$bundleDir === undefined ? null : _ref$bundleDir,","      _ref$logger = _ref.logger,","      logger = _ref$logger === undefined ? new Logger() : _ref$logger;","","  var chartData = getChartData(logger, bundleStats, bundleDir);","","  if (!chartData) return;","","  var app = express();","","  // Explicitly using our `ejs` dependency to render templates","  // Fixes #17","  app.engine('ejs', require('ejs').renderFile);","  app.set('view engine', 'ejs');","  app.set('views', projectRoot + '/views');","  app.use(express.static(projectRoot + '/public'));","","  app.use('/', function (req, res) {","    res.render('viewer', {","      mode: 'server',","      chartData: JSON.stringify(chartData)","    });","  });","","  return app.listen(port, host, function () {","    var url = 'http://' + host + ':' + port;","","    logger.info(bold('Webpack Bundle Analyzer') + ' is started at ' + bold(url) + '\\n' + ('Use ' + bold('Ctrl+C') + ' to close it'));","","    if (openBrowser) {","      opener(url);","    }","  });","}","","function generateReport(bundleStats, opts) {","  var _ref2 = opts || {},","      _ref2$openBrowser = _ref2.openBrowser,","      openBrowser = _ref2$openBrowser === undefined ? true : _ref2$openBrowser,","      _ref2$reportFilename = _ref2.reportFilename,","      reportFilename = _ref2$reportFilename === undefined ? 'report.html' : _ref2$reportFilename,","      _ref2$bundleDir = _ref2.bundleDir,","      bundleDir = _ref2$bundleDir === undefined ? null : _ref2$bundleDir,","      _ref2$logger = _ref2.logger,","      logger = _ref2$logger === undefined ? new Logger() : _ref2$logger;","","  var chartData = getChartData(logger, bundleStats, bundleDir);","","  if (!chartData) return;","","  ejs.renderFile(projectRoot + '/views/viewer.ejs', {","    mode: 'static',","    chartData: JSON.stringify(chartData),","    assetContent: getAssetContent","  }, function (err, reportHtml) {","    if (err) return logger.error(err);","","    var reportFilepath = reportFilename;","","    if (!path.isAbsolute(reportFilepath)) {","      reportFilepath = path.resolve(bundleDir || process.cwd(), reportFilepath);","    }","","    mkdir.sync(path.dirname(reportFilepath));","    fs.writeFileSync(reportFilepath, reportHtml);","","    logger.info(bold('Webpack Bundle Analyzer') + ' saved report to ' + bold(reportFilepath));","","    if (openBrowser) {","      opener('file://' + reportFilepath);","    }","  });","}","","function getAssetContent(filename) {","  return fs.readFileSync(projectRoot + '/public/' + filename, 'utf8');","}","","function getChartData(logger) {","  var chartData = void 0;","","  try {","    for (var _len = arguments.length, args = Array(_len > 1 ? _len - 1 : 0), _key = 1; _key < _len; _key++) {","      args[_key - 1] = arguments[_key];","    }","","    chartData = analyzer.getViewerData.apply(analyzer, args.concat([{ logger: logger }]));","  } catch (err) {","    logger.error('Could\\'t analyze webpack bundle:\\n' + err);","    chartData = null;","  }","","  if (_.isEmpty(chartData)) {","    logger.error(\"Could't find any javascript bundles in provided stats file\");","    chartData = null;","  }","","  return chartData;","}"],"l":{"3":1,"4":1,"6":1,"7":1,"8":1,"9":1,"10":1,"12":1,"15":1,"16":1,"18":1,"20":1,"27":1,"28":0,"40":0,"42":0,"44":0,"48":0,"49":0,"50":0,"51":0,"53":0,"54":0,"60":0,"61":0,"63":0,"65":0,"66":0,"71":1,"72":0,"82":0,"84":0,"86":0,"91":0,"93":0,"95":0,"96":0,"99":0,"100":0,"102":0,"104":0,"105":0,"110":1,"111":0,"114":1,"115":0,"117":0,"118":0,"119":0,"122":0,"124":0,"125":0,"128":0,"129":0,"130":0,"133":0}},"/home/travis/build/npmtest/node-npmtest-webpack-bundle-analyzer/webpack-bundle-analyzer/lib/Logger.js":{"path":"/home/travis/build/npmtest/node-npmtest-webpack-bundle-analyzer/webpack-bundle-analyzer/lib/Logger.js","s":{"1":1,"2":0,"3":0,"4":1,"5":1,"6":1,"7":1,"8":0,"9":0,"10":0,"11":0,"12":1,"13":0,"14":0,"15":0,"16":0,"17":0,"18":0,"19":0,"20":0,"21":0,"22":0,"23":0,"24":0,"25":0,"26":0,"27":0,"28":0,"29":0,"30":1,"31":0,"32":0,"33":0,"34":0,"35":1,"36":1,"37":1,"38":4,"39":1,"40":3,"41":0,"42":0,"43":0,"44":0,"45":1},"b":{"1":[0,0],"2":[0,0],"3":[0,0],"4":[0,0],"5":[0,0],"6":[0,0],"7":[0,0],"8":[0,0],"9":[0,0],"10":[1,3],"11":[0,0]},"f":{"1":0,"2":1,"3":0,"4":0,"5":0,"6":4,"7":0},"fnMap":{"1":{"name":"_classCallCheck","line":3,"loc":{"start":{"line":3,"column":0},"end":{"line":3,"column":48}}},"2":{"name":"(anonymous_2)","line":9,"loc":{"start":{"line":9,"column":13},"end":{"line":9,"column":25}}},"3":{"name":"Logger","line":10,"loc":{"start":{"line":10,"column":2},"end":{"line":10,"column":20}}},"4":{"name":"setLogLevel","line":19,"loc":{"start":{"line":19,"column":33},"end":{"line":19,"column":61}}},"5":{"name":"_log","line":46,"loc":{"start":{"line":46,"column":26},"end":{"line":46,"column":47}}},"6":{"name":"(anonymous_6)","line":62,"loc":{"start":{"line":62,"column":15},"end":{"line":62,"column":32}}},"7":{"name":"(anonymous_7)","line":65,"loc":{"start":{"line":65,"column":28},"end":{"line":65,"column":40}}}},"statementMap":{"1":{"start":{"line":3,"column":0},"end":{"line":3,"column":153}},"2":{"start":{"line":3,"column":50},"end":{"line":3,"column":151}},"3":{"start":{"line":3,"column":92},"end":{"line":3,"column":149}},"4":{"start":{"line":5,"column":0},"end":{"line":5,"column":49}},"5":{"start":{"line":7,"column":0},"end":{"line":7,"column":74}},"6":{"start":{"line":9,"column":0},"end":{"line":57,"column":4}},"7":{"start":{"line":10,"column":2},"end":{"line":17,"column":3}},"8":{"start":{"line":11,"column":4},"end":{"line":11,"column":91}},"9":{"start":{"line":13,"column":4},"end":{"line":13,"column":34}},"10":{"start":{"line":15,"column":4},"end":{"line":15,"column":34}},"11":{"start":{"line":16,"column":4},"end":{"line":16,"column":28}},"12":{"start":{"line":19,"column":2},"end":{"line":44,"column":4}},"13":{"start":{"line":20,"column":4},"end":{"line":20,"column":43}},"14":{"start":{"line":22,"column":4},"end":{"line":22,"column":120}},"15":{"start":{"line":22,"column":27},"end":{"line":22,"column":120}},"16":{"start":{"line":24,"column":4},"end":{"line":24,"column":30}},"17":{"start":{"line":26,"column":4},"end":{"line":43,"column":5}},"18":{"start":{"line":27,"column":6},"end":{"line":27,"column":15}},"19":{"start":{"line":29,"column":6},"end":{"line":36,"column":7}},"20":{"start":{"line":30,"column":8},"end":{"line":30,"column":42}},"21":{"start":{"line":30,"column":36},"end":{"line":30,"column":42}},"22":{"start":{"line":31,"column":8},"end":{"line":31,"column":31}},"23":{"start":{"line":33,"column":8},"end":{"line":33,"column":30}},"24":{"start":{"line":34,"column":8},"end":{"line":34,"column":27}},"25":{"start":{"line":34,"column":21},"end":{"line":34,"column":27}},"26":{"start":{"line":35,"column":8},"end":{"line":35,"column":24}},"27":{"start":{"line":38,"column":6},"end":{"line":40,"column":28}},"28":{"start":{"line":42,"column":6},"end":{"line":42,"column":57}},"29":{"start":{"line":42,"column":27},"end":{"line":42,"column":57}},"30":{"start":{"line":46,"column":2},"end":{"line":54,"column":4}},"31":{"start":{"line":47,"column":4},"end":{"line":47,"column":17}},"32":{"start":{"line":49,"column":4},"end":{"line":51,"column":5}},"33":{"start":{"line":50,"column":6},"end":{"line":50,"column":39}},"34":{"start":{"line":53,"column":4},"end":{"line":53,"column":92}},"35":{"start":{"line":56,"column":2},"end":{"line":56,"column":16}},"36":{"start":{"line":59,"column":0},"end":{"line":59,"column":23}},"37":{"start":{"line":62,"column":0},"end":{"line":72,"column":3}},"38":{"start":{"line":63,"column":2},"end":{"line":63,"column":33}},"39":{"start":{"line":63,"column":26},"end":{"line":63,"column":33}},"40":{"start":{"line":65,"column":2},"end":{"line":71,"column":4}},"41":{"start":{"line":66,"column":4},"end":{"line":68,"column":5}},"42":{"start":{"line":67,"column":6},"end":{"line":67,"column":37}},"43":{"start":{"line":70,"column":4},"end":{"line":70,"column":82}},"44":{"start":{"line":70,"column":38},"end":{"line":70,"column":82}},"45":{"start":{"line":74,"column":0},"end":{"line":74,"column":24}}},"branchMap":{"1":{"line":3,"type":"if","locations":[{"start":{"line":3,"column":50},"end":{"line":3,"column":50}},{"start":{"line":3,"column":50},"end":{"line":3,"column":50}}]},"2":{"line":11,"type":"cond-expr","locations":[{"start":{"line":11,"column":69},"end":{"line":11,"column":81}},{"start":{"line":11,"column":84},"end":{"line":11,"column":90}}]},"3":{"line":11,"type":"binary-expr","locations":[{"start":{"line":11,"column":16},"end":{"line":11,"column":36}},{"start":{"line":11,"column":40},"end":{"line":11,"column":66}}]},"4":{"line":22,"type":"if","locations":[{"start":{"line":22,"column":4},"end":{"line":22,"column":4}},{"start":{"line":22,"column":4},"end":{"line":22,"column":4}}]},"5":{"line":29,"type":"if","locations":[{"start":{"line":29,"column":6},"end":{"line":29,"column":6}},{"start":{"line":29,"column":6},"end":{"line":29,"column":6}}]},"6":{"line":30,"type":"if","locations":[{"start":{"line":30,"column":8},"end":{"line":30,"column":8}},{"start":{"line":30,"column":8},"end":{"line":30,"column":8}}]},"7":{"line":34,"type":"if","locations":[{"start":{"line":34,"column":8},"end":{"line":34,"column":8}},{"start":{"line":34,"column":8},"end":{"line":34,"column":8}}]},"8":{"line":42,"type":"if","locations":[{"start":{"line":42,"column":6},"end":{"line":42,"column":6}},{"start":{"line":42,"column":6},"end":{"line":42,"column":6}}]},"9":{"line":53,"type":"binary-expr","locations":[{"start":{"line":53,"column":25},"end":{"line":53,"column":59}},{"start":{"line":53,"column":63},"end":{"line":53,"column":68}}]},"10":{"line":63,"type":"if","locations":[{"start":{"line":63,"column":2},"end":{"line":63,"column":2}},{"start":{"line":63,"column":2},"end":{"line":63,"column":2}}]},"11":{"line":70,"type":"if","locations":[{"start":{"line":70,"column":4},"end":{"line":70,"column":4}},{"start":{"line":70,"column":4},"end":{"line":70,"column":4}}]}},"code":["'use strict';","","function _classCallCheck(instance, Constructor) { if (!(instance instanceof Constructor)) { throw new TypeError(\"Cannot call a class as a function\"); } }","","var LEVELS = ['info', 'warn', 'error', 'silent'];","","var LEVEL_TO_CONSOLE_METHOD = new Map([['info', 'log'], ['warn', 'log']]);","","var Logger = function () {","  function Logger() {","    var level = arguments.length > 0 && arguments[0] !== undefined ? arguments[0] : 'info';","","    _classCallCheck(this, Logger);","","    this.activeLevels = new Set();","    this.setLogLevel(level);","  }","","  Logger.prototype.setLogLevel = function setLogLevel(level) {","    var levelIndex = LEVELS.indexOf(level);","","    if (levelIndex === -1) throw new Error('Invalid log level \"' + level + '\". Use one of these: ' + LEVELS.join(', '));","","    this.activeLevels.clear();","","    for (var _iterator = LEVELS.entries(), _isArray = Array.isArray(_iterator), _i = 0, _iterator = _isArray ? _iterator : _iterator[Symbol.iterator]();;) {","      var _ref;","","      if (_isArray) {","        if (_i >= _iterator.length) break;","        _ref = _iterator[_i++];","      } else {","        _i = _iterator.next();","        if (_i.done) break;","        _ref = _i.value;","      }","","      var _ref2 = _ref,","          i = _ref2[0],","          _level = _ref2[1];","","      if (i >= levelIndex) this.activeLevels.add(_level);","    }","  };","","  Logger.prototype._log = function _log(level) {","    var _console;","","    for (var _len = arguments.length, args = Array(_len > 1 ? _len - 1 : 0), _key = 1; _key < _len; _key++) {","      args[_key - 1] = arguments[_key];","    }","","    (_console = console)[LEVEL_TO_CONSOLE_METHOD.get(level) || level].apply(_console, args);","  };","","  return Logger;","}();","","Logger.levels = LEVELS;",";","","LEVELS.forEach(function (level) {","  if (level === 'silent') return;","","  Logger.prototype[level] = function () {","    for (var _len2 = arguments.length, args = Array(_len2), _key2 = 0; _key2 < _len2; _key2++) {","      args[_key2] = arguments[_key2];","    }","","    if (this.activeLevels.has(level)) this._log.apply(this, [level].concat(args));","  };","});","","module.exports = Logger;"],"l":{"3":1,"5":1,"7":1,"9":1,"10":1,"11":0,"13":0,"15":0,"16":0,"19":1,"20":0,"22":0,"24":0,"26":0,"27":0,"29":0,"30":0,"31":0,"33":0,"34":0,"35":0,"38":0,"42":0,"46":1,"47":0,"49":0,"50":0,"53":0,"56":1,"59":1,"62":1,"63":4,"65":3,"66":0,"67":0,"70":0,"74":1}},"/home/travis/build/npmtest/node-npmtest-webpack-bundle-analyzer/webpack-bundle-analyzer/lib/analyzer.js":{"path":"/home/travis/build/npmtest/node-npmtest-webpack-bundle-analyzer/webpack-bundle-analyzer/lib/analyzer.js","s":{"1":1,"2":1,"3":1,"4":1,"5":1,"6":1,"7":1,"8":1,"9":1,"10":1,"11":0,"12":0,"13":0,"14":0,"15":0,"16":0,"17":0,"18":0,"19":0,"20":0,"21":0,"22":0,"23":0,"24":0,"25":0,"26":0,"27":0,"28":0,"29":0,"30":0,"31":0,"32":0,"33":0,"34":0,"35":0,"36":0,"37":0,"38":0,"39":0,"40":0,"41":0,"42":0,"43":0,"44":0,"45":0,"46":0,"47":0,"48":0,"49":0,"50":0,"51":0,"52":0,"53":0,"54":0,"55":0,"56":0,"57":0,"58":0,"59":0,"60":1,"61":0,"62":1,"63":0,"64":0,"65":1,"66":0,"67":0,"68":0,"69":0,"70":0,"71":0,"72":1,"73":0,"74":0,"75":0},"b":{"1":[0,0],"2":[0,0],"3":[0,0],"4":[0,0],"5":[0,0],"6":[0,0],"7":[0,0],"8":[0,0],"9":[0,0],"10":[0,0],"11":[0,0],"12":[0,0],"13":[0,0],"14":[0,0],"15":[0,0],"16":[0,0]},"f":{"1":0,"2":0,"3":0,"4":0,"5":0,"6":0,"7":0,"8":0,"9":0,"10":0,"11":0,"12":0,"13":0,"14":0},"fnMap":{"1":{"name":"getViewerData","line":24,"loc":{"start":{"line":24,"column":0},"end":{"line":24,"column":53}}},"2":{"name":"(anonymous_2)","line":37,"loc":{"start":{"line":37,"column":52},"end":{"line":37,"column":69}}},"3":{"name":"(anonymous_3)","line":86,"loc":{"start":{"line":86,"column":53},"end":{"line":86,"column":74}}},"4":{"name":"(anonymous_4)","line":95,"loc":{"start":{"line":95,"column":47},"end":{"line":95,"column":76}}},"5":{"name":"(anonymous_5)","line":104,"loc":{"start":{"line":104,"column":50},"end":{"line":104,"column":72}}},"6":{"name":"(anonymous_6)","line":106,"loc":{"start":{"line":106,"column":12},"end":{"line":106,"column":34}}},"7":{"name":"(anonymous_7)","line":116,"loc":{"start":{"line":116,"column":29},"end":{"line":116,"column":64}}},"8":{"name":"readStatsFromFile","line":130,"loc":{"start":{"line":130,"column":0},"end":{"line":130,"column":37}}},"9":{"name":"assetHasModule","line":134,"loc":{"start":{"line":134,"column":0},"end":{"line":134,"column":47}}},"10":{"name":"(anonymous_10)","line":135,"loc":{"start":{"line":135,"column":35},"end":{"line":135,"column":58}}},"11":{"name":"createModulesTree","line":140,"loc":{"start":{"line":140,"column":0},"end":{"line":140,"column":36}}},"12":{"name":"(anonymous_12)","line":143,"loc":{"start":{"line":143,"column":18},"end":{"line":143,"column":36}}},"13":{"name":"getModulePath","line":154,"loc":{"start":{"line":154,"column":0},"end":{"line":154,"column":29}}},"14":{"name":"(anonymous_14)","line":163,"loc":{"start":{"line":163,"column":7},"end":{"line":163,"column":23}}}},"statementMap":{"1":{"start":{"line":3,"column":0},"end":{"line":3,"column":23}},"2":{"start":{"line":4,"column":0},"end":{"line":4,"column":27}},"3":{"start":{"line":6,"column":0},"end":{"line":6,"column":26}},"4":{"start":{"line":7,"column":0},"end":{"line":7,"column":36}},"5":{"start":{"line":9,"column":0},"end":{"line":9,"column":33}},"6":{"start":{"line":11,"column":0},"end":{"line":12,"column":29}},"7":{"start":{"line":14,"column":0},"end":{"line":15,"column":40}},"8":{"start":{"line":17,"column":0},"end":{"line":17,"column":36}},"9":{"start":{"line":19,"column":0},"end":{"line":22,"column":2}},"10":{"start":{"line":24,"column":0},"end":{"line":128,"column":1}},"11":{"start":{"line":25,"column":2},"end":{"line":27,"column":70}},"12":{"start":{"line":32,"column":2},"end":{"line":34,"column":3}},"13":{"start":{"line":33,"column":4},"end":{"line":33,"column":42}},"14":{"start":{"line":37,"column":2},"end":{"line":43,"column":5}},"15":{"start":{"line":40,"column":4},"end":{"line":40,"column":63}},"16":{"start":{"line":42,"column":4},"end":{"line":42,"column":69}},"17":{"start":{"line":46,"column":2},"end":{"line":46,"column":31}},"18":{"start":{"line":47,"column":2},"end":{"line":47,"column":26}},"19":{"start":{"line":48,"column":2},"end":{"line":48,"column":25}},"20":{"start":{"line":50,"column":2},"end":{"line":93,"column":3}},"21":{"start":{"line":51,"column":4},"end":{"line":83,"column":5}},"22":{"start":{"line":52,"column":6},"end":{"line":52,"column":16}},"23":{"start":{"line":54,"column":6},"end":{"line":61,"column":7}},"24":{"start":{"line":55,"column":8},"end":{"line":55,"column":42}},"25":{"start":{"line":55,"column":36},"end":{"line":55,"column":42}},"26":{"start":{"line":56,"column":8},"end":{"line":56,"column":32}},"27":{"start":{"line":58,"column":8},"end":{"line":58,"column":30}},"28":{"start":{"line":59,"column":8},"end":{"line":59,"column":27}},"29":{"start":{"line":59,"column":21},"end":{"line":59,"column":27}},"30":{"start":{"line":60,"column":8},"end":{"line":60,"column":25}},"31":{"start":{"line":63,"column":6},"end":{"line":63,"column":28}},"32":{"start":{"line":65,"column":6},"end":{"line":65,"column":59}},"33":{"start":{"line":66,"column":6},"end":{"line":66,"column":30}},"34":{"start":{"line":68,"column":6},"end":{"line":72,"column":7}},"35":{"start":{"line":69,"column":8},"end":{"line":69,"column":44}},"36":{"start":{"line":71,"column":8},"end":{"line":71,"column":26}},"37":{"start":{"line":74,"column":6},"end":{"line":82,"column":7}},"38":{"start":{"line":75,"column":8},"end":{"line":75,"column":56}},"39":{"start":{"line":76,"column":8},"end":{"line":76,"column":52}},"40":{"start":{"line":78,"column":8},"end":{"line":78,"column":131}},"41":{"start":{"line":79,"column":8},"end":{"line":79,"column":29}},"42":{"start":{"line":80,"column":8},"end":{"line":80,"column":30}},"43":{"start":{"line":81,"column":8},"end":{"line":81,"column":14}},"44":{"start":{"line":85,"column":4},"end":{"line":92,"column":5}},"45":{"start":{"line":86,"column":6},"end":{"line":91,"column":9}},"46":{"start":{"line":87,"column":8},"end":{"line":90,"column":10}},"47":{"start":{"line":95,"column":2},"end":{"line":114,"column":9}},"48":{"start":{"line":96,"column":4},"end":{"line":96,"column":67}},"49":{"start":{"line":98,"column":4},"end":{"line":101,"column":5}},"50":{"start":{"line":99,"column":6},"end":{"line":99,"column":63}},"51":{"start":{"line":100,"column":6},"end":{"line":100,"column":69}},"52":{"start":{"line":104,"column":4},"end":{"line":111,"column":7}},"53":{"start":{"line":105,"column":6},"end":{"line":105,"column":51}},"54":{"start":{"line":107,"column":6},"end":{"line":110,"column":7}},"55":{"start":{"line":108,"column":8},"end":{"line":108,"column":69}},"56":{"start":{"line":109,"column":8},"end":{"line":109,"column":68}},"57":{"start":{"line":113,"column":4},"end":{"line":113,"column":50}},"58":{"start":{"line":116,"column":2},"end":{"line":127,"column":9}},"59":{"start":{"line":117,"column":4},"end":{"line":126,"column":7}},"60":{"start":{"line":130,"column":0},"end":{"line":132,"column":1}},"61":{"start":{"line":131,"column":2},"end":{"line":131,"column":55}},"62":{"start":{"line":134,"column":0},"end":{"line":138,"column":1}},"63":{"start":{"line":135,"column":2},"end":{"line":137,"column":5}},"64":{"start":{"line":136,"column":4},"end":{"line":136,"column":53}},"65":{"start":{"line":140,"column":0},"end":{"line":152,"column":1}},"66":{"start":{"line":141,"column":2},"end":{"line":141,"column":29}},"67":{"start":{"line":143,"column":2},"end":{"line":149,"column":5}},"68":{"start":{"line":144,"column":4},"end":{"line":144,"column":42}},"69":{"start":{"line":146,"column":4},"end":{"line":148,"column":5}},"70":{"start":{"line":147,"column":6},"end":{"line":147,"column":41}},"71":{"start":{"line":151,"column":2},"end":{"line":151,"column":14}},"72":{"start":{"line":154,"column":0},"end":{"line":168,"column":1}},"73":{"start":{"line":155,"column":2},"end":{"line":165,"column":5}},"74":{"start":{"line":164,"column":4},"end":{"line":164,"column":48}},"75":{"start":{"line":167,"column":2},"end":{"line":167,"column":47}}},"branchMap":{"1":{"line":25,"type":"binary-expr","locations":[{"start":{"line":25,"column":13},"end":{"line":25,"column":17}},{"start":{"line":25,"column":21},"end":{"line":25,"column":23}}]},"2":{"line":27,"type":"cond-expr","locations":[{"start":{"line":27,"column":43},"end":{"line":27,"column":55}},{"start":{"line":27,"column":58},"end":{"line":27,"column":69}}]},"3":{"line":32,"type":"if","locations":[{"start":{"line":32,"column":2},"end":{"line":32,"column":2}},{"start":{"line":32,"column":2},"end":{"line":32,"column":2}}]},"4":{"line":32,"type":"binary-expr","locations":[{"start":{"line":32,"column":6},"end":{"line":32,"column":35}},{"start":{"line":32,"column":39},"end":{"line":32,"column":71}}]},"5":{"line":42,"type":"binary-expr","locations":[{"start":{"line":42,"column":11},"end":{"line":42,"column":40}},{"start":{"line":42,"colum
[...]
n":2}},{"start":{"line":134,"column":2},"end":{"line":134,"column":2}}]},"19":{"line":138,"type":"binary-expr","locations":[{"start":{"line":138,"column":21},"end":{"line":138,"column":40}},{"start":{"line":138,"column":44},"end":{"line":138,"column":64}}]},"20":{"line":144,"type":"if","locations":[{"start":{"line":144,"column":2},"end":{"line":144,"column":2}},{"start":{"line":144,"column":2},"end":{"line":144,"column":2}}]},"21":{"line":148,"type":"if","locations":[{"start":{"line":148,"column":6},"end":{"line":148,"column":6}},{"start":{"line":148,"column":6},"end":{"line":148,"column":6}}]},"22":{"line":167,"type":"if","locations":[{"start":{"line":167,"column":4},"end":{"line":167,"column":4}},{"start":{"line":167,"column":4},"end":{"line":167,"column":4}}]},"23":{"line":174,"type":"if","locations":[{"start":{"line":174,"column":2},"end":{"line":174,"column":2}},{"start":{"line":174,"column":2},"end":{"line":174,"column":2}}]}},"code":["'use strict';","","var fs = require('fs');","var _ = require('lodash');","var acorn = require('acorn');","var walk = require('acorn/dist/walk');","","module.exports = {","  parseBundle: parseBundle","};","","function parseBundle(bundlePath) {","  var contentBuffer = fs.readFileSync(bundlePath);","  var contentStr = contentBuffer.toString('utf8');","  var ast = acorn.parse(contentStr, { sourceType: 'script' });","","  var walkState = {","    locations: null","  };","","  walk.recursive(ast, walkState, {","    CallExpression: function CallExpression(node, state, c) {","      if (state.sizes) return;","","      var args = node.arguments;","","      // Additional bundle without webpack loader.","      // Modules are stored in second argument, after chunk ids:","      // webpackJsonp([<chunks>], <modules>, ...)","      // As function name may be changed with `output.jsonpFunction` option we can't rely on it's default name.","      if (node.callee.type === 'Identifier' && args.length >= 2 && isArgumentContainsChunkIds(args[0]) && isArgumentContainsModulesList(args[1])) {","        state.locations = getModulesLocationFromFunctionArgument(args[1]);","        return;","      }","","      // Additional bundle without webpack loader, with module IDs optimized.","      // Modules are stored in second arguments Array(n).concat() call","      // webpackJsonp([<chunks>], Array([minimum ID]).concat([<module>, <module>, ...]))","      // As function name may be changed with `output.jsonpFunction` option we can't rely on it's default name.","      if (node.callee.type === 'Identifier' && (args.length === 2 || args.length === 3) && isArgumentContainsChunkIds(args[0]) && isArgumentArrayConcatContainingChunks(args[1])) {","        state.locations = getModulesLocationFromArrayConcat(args[1]);","        return;","      }","","      // Main bundle with webpack loader","      // Modules are stored in first argument:","      // (function (...) {...})(<modules>)","      if (node.callee.type === 'FunctionExpression' && !node.callee.id && args.length === 1 && isArgumentContainsModulesList(args[0])) {","        state.locations = getModulesLocationFromFunctionArgument(args[0]);","        return;","      }","","      // Walking into arguments because some of plugins (e.g. `DedupePlugin`) or some Webpack","      // features (e.g. `umd` library output) can wrap modules list into additional IIFE.","      _.each(args, function (arg) {","        return c(arg, state);","      });","    }","  });","","  if (!walkState.locations) {","    return null;","  }","","  return {","    src: contentStr,","    modules: _.mapValues(walkState.locations, function (loc) {","      return contentBuffer.toString('utf8', loc.start, loc.end);","    })","  };","}","","function isArgumentContainsChunkIds(arg) {","  // Array of numeric ids","  return arg.type === 'ArrayExpression' && _.every(arg.elements, isNumericId);","}","","function isArgumentContainsModulesList(arg) {","  if (arg.type === 'ObjectExpression') {","    return _(arg.properties).map('value').every(isModuleWrapper);","  }","","  if (arg.type === 'ArrayExpression') {","    // Modules are contained in array.","    // Array indexes are module ids","    return _.every(arg.elements, function (elem) {","      return (","        // Some of array items may be skipped because there is no module with such id","        !elem || isModuleWrapper(elem)","      );","    });","  }","","  return false;","}","","function isArgumentArrayConcatContainingChunks(arg) {","  if (arg.type === 'CallExpression' && arg.callee.type === 'MemberExpression' &&","  // Make sure the object called is `Array(<some number>)`","  arg.callee.object.type === 'CallExpression' && arg.callee.object.callee.type === 'Identifier' && arg.callee.object.callee.name === 'Array' && arg.callee.object.arguments.length === 1 && isNumericId(arg.callee.object.arguments[0]) &&","  // Make sure the property X called for `Array(<some number>).X` is `concat`","  arg.callee.property.type === 'Identifier' && arg.callee.property.name === 'concat' &&","  // Make sure exactly one array is passed in to `concat`","  arg.arguments.length === 1 && arg.arguments[0].type === 'ArrayExpression') {","    // Modules are contained in `Array(<minimum ID>).concat(` array:","    // https://github.com/webpack/webpack/blob/v1.14.0/lib/Template.js#L91","    // The `<minimum ID>` + array indexes are module ids","    return true;","  }","","  return false;","}","","function isModuleWrapper(node) {","  return (","    // It's an anonymous function expression that wraps module","    node.type === 'FunctionExpression' && !node.id ||","    // If `DedupePlugin` is used it can be an ID of duplicated module...","    isModuleId(node) ||","    // or an array of shape [<module_id>, ...args]","    node.type === 'ArrayExpression' && node.elements.length > 1 && isModuleId(node.elements[0])","  );","}","","function isModuleId(node) {","  return node.type === 'Literal' && (isNumericId(node) || typeof node.value === 'string');","}","","function isNumericId(node) {","  return node.type === 'Literal' && Number.isInteger(node.value) && node.value >= 0;","}","","function getModulesLocationFromFunctionArgument(arg) {","  if (arg.type === 'ObjectExpression') {","    var modulesNodes = arg.properties;","","    return _.transform(modulesNodes, function (result, moduleNode) {","      var moduleId = moduleNode.key.name || moduleNode.key.value;","","      result[moduleId] = getModuleLocation(moduleNode.value);","    }, {});","  }","","  if (arg.type === 'ArrayExpression') {","    var _modulesNodes = arg.elements;","","    return _.transform(_modulesNodes, function (result, moduleNode, i) {","      if (!moduleNode) return;","","      result[i] = getModuleLocation(moduleNode);","    }, {});","  }","","  return {};","}","","function getModulesLocationFromArrayConcat(arg) {","  // arg(CallExpression) =","  //   Array([minId]).concat([<minId module>, <minId+1 module>, ...])","  //","  // Get the [minId] value from the Array() call first argument literal value","  var minId = arg.callee.object.arguments[0].value;","  // The modules reside in the `concat()` function call arguments","  var modulesNodes = arg.arguments[0].elements;","","  return _.transform(modulesNodes, function (result, moduleNode, i) {","    if (!moduleNode) return;","","    result[i + minId] = getModuleLocation(moduleNode);","  }, {});","}","","function getModuleLocation(node) {","  if (node.type === 'FunctionExpression') {","    node = node.body;","  }","","  return _.pick(node, 'start', 'end');","}"],"l":{"3":1,"4":1,"5":1,"6":1,"8":1,"12":1,"13":0,"14":0,"15":0,"17":0,"21":0,"23":0,"25":0,"31":0,"32":0,"33":0,"40":0,"41":0,"42":0,"48":0,"49":0,"50":0,"55":0,"56":0,"61":0,"62":0,"65":0,"68":0,"73":1,"75":0,"78":1,"79":0,"80":0,"83":0,"86":0,"87":0,"94":0,"97":1,"98":0,"108":0,"111":0,"114":1,"115":0,"125":1,"126":0,"129":1,"130":0,"133":1,"134":0,"135":0,"137":0,"138":0,"140":0,"144":0,"145":0,"147":0,"148":0,"150":0,"154":0,"157":1,"162":0,"164":0,"166":0,"167":0,"169":0,"173":1,"174":0,"175":0,"178":0}},"/home/travis/build/npmtest/node-npmtest-webpack-bundle-analyzer/webpack-bundle-analyzer/lib/BundleAnalyzerPlugin.js":{"path":"/home/travis/build/npmtest/node-npmtest-webpack-bundle-analyzer/webpack-bundle-analyzer/lib/BundleAnalyzerPlugin.js","s":{"1":1,"2":0,"3":0,"4":0,"5":0,"6":0,"7":0,"8":1,"9":0,"10":0,"11":1,"12":1,"13":1,"14":1,"15":1,"16":1,"17":1,"18":1,"19":0,"20":0,"21":0,"22":1,"23":0,"24":0,"25":0,"26":0,"27":0,"28":0,"29":0,"30":0,"31":0,"32":0,"33":0,"34":0,"35":0,"36":0,"37":0,"38":0,"39":0,"40":0,"41":0,"42":0,"43":1,"44":0,"45":0,"46":0,"47":0,"48":0,"49":0,"50":1,"51":0,"52":1,"53":0,"54":1,"55":1},"b":{"1":[1,0],"2":[0,0],"3":[0,0],"4":[0,0],"5":[0,0],"6":[0,0],"7":[0,0],"8":[0,0],"9":[0,0],"10":[0,0]},"f":{"1":0,"2":0,"3":1,"4":0,"5":0,"6":0,"7":0,"8":0,"9":0,"10":0,"11":0,"12":0,"13":0,"14":0},"fnMap":{"1":{"name":"(anonymous_1)","line":3,"loc":{"start":{"line":3,"column":32},"end":{"line":3,"column":50}}},"2":{"name":"_classCallCheck","line":5,"loc":{"start":{"line":5,"column":0},"end":{"line":5,"column":48}}},"3":{"name":"(anonymous_3)","line":17,"loc":{"start":{"line":17,"column":27},"end":{"line":17,"column":39}}},"4":{"name":"BundleAnalyzerPlugin","line":18,"loc":{"start":{"line":18,"column":2},"end":{"line":18,"column":38}}},"5":{"name":"apply","line":38,"loc":{"start":{"line":38,"column":41},"end":{"line":38,"column":66}}},"6":{"name":"(anonymous_6)","line":43,"loc":{"start":{"line":43,"column":28},"end":{"line":43,"column":45}}},"7":{"name":"(anonymous_7)","line":49,"loc":{"start":{"line":49,"column":21},"end":{"line":49,"column":33}}},"8":{"name":"(anonymous_8)","line":60,"loc":{"start":{"line":60,"column":21},"end":{"line":60,"column":33}}},"9":{"name":"(anonymous_9)","line":64,"loc":{"start":{"line":64,"column":21},"end":{"line":64,"column":33}}},"10":{"name":"(anonymous_10)","line":71,"loc":{"start":{"line":71,"column":21},"end":{"line":71,"column":33}}},"11":{"name":"(anonymous_11)","line":72,"loc":{"start":{"line":72,"column":26},"end":{"line":72,"column":44}}},"12":{"name":"generateStatsFile","line":80,"loc":{"start":{"line":80,"column":53},"end":{"line":80,"column":87}}},"13":{"name":"startAnalyzerServer","line":94,"loc":{"start":{"line":94,"column":55},"end":{"line":94,"column":91}}},"14":{"name":"generateStaticReport","line":104,"loc":{"start":{"line":104,"column":56},"end":{"line":104,"column":93}}}},"statementMap":{"1":{"start":{"line":3,"column":0},"end":{"line":3,"column":257}},"2":{"start":{"line":3,"column":52},"end":{"line":3,"column":239}},"3":{"start":{"line":3,"column":97},"end":{"line":3,"column":123}},"4":{"start":{"line":3,"column":124},"end":{"line":3,"column":237}},"5":{"start":{"line":3,"column":150},"end":{"line":3,"column":235}},"6":{"start":{"line":3,"column":207},"end":{"line":3,"column":233}},"7":{"start":{"line":3,"column":240},"end":{"line":3,"column":254}},"8":{"start":{"line":5,"column":0},"end":{"line":5,"column":153}},"9":{"start":{"line":5,"column":50},"end":{"line":5,"column":151}},"10":{"start":{"line":5,"column":92},"end":{"line":5,"column":149}},"11":{"start":{"line":7,"column":0},"end":{"line":7,"column":23}},"12":{"start":{"line":8,"column":0},"end":{"line":8,"column":27}},"13":{"start":{"line":9,"column":0},"end":{"line":9,"column":30}},"14":{"start":{"line":11,"column":0},"end":{"line":12,"column":25}},"15":{"start":{"line":14,"column":0},"end":{"line":14,"column":33}},"16":{"start":{"line":15,"column":0},"end":{"line":15,"column":33}},"17":{"start":{"line":17,"column":0},"end":{"line":114,"column":4}},"18":{"start":{"line":18,"column":2},"end":{"line":36,"column":3}},"19":{"start":{"line":19,"column":4},"end":{"line":19,"column":48}},"20":{"start":{"line":21,"column":4},"end":{"line":33,"column":13}},"21":{"start":{"line":35,"column":4},"end":{"line":35,"column":49}},"22":{"start":{"line":38,"column":2},"end":{"line":78,"column":4}},"23":{"start":{"line":39,"column":4},"end":{"line":39,"column":21}},"24":{"start":{"line":41,"column":4},"end":{"line":41,"column":29}},"25":{"start":{"line":43,"column":4},"end":{"line":77,"column":7}},"26":{"start":{"line":44,"column":6},"end":{"line":44,"column":52}},"27":{"start":{"line":46,"column":6},"end":{"line":46,"column":23}},"28":{"start":{"line":48,"column":6},"end":{"line":52,"column":7}},"29":{"start":{"line":49,"column":8},"end":{"line":51,"column":11}},"30":{"start":{"line":50,"column":10},"end":{"line":50,"column":48}},"31":{"start":{"line":55,"column":6},"end":{"line":57,"column":7}},"32":{"start":{"line":56,"column":8},"end":{"line":56,"column":45}},"33":{"start":{"line":59,"column":6},"end":{"line":67,"column":7}},"34":{"start":{"line":60,"column":8},"end":{"line":62,"column":11}},"35":{"start":{"line":61,"column":10},"end":{"line":61,"column":50}},"36":{"start":{"line":63,"column":13},"end":{"line":67,"column":7}},"37":{"start":{"line":64,"column":8},"end":{"line":66,"column":11}},"38":{"start":{"line":65,"column":10},"end":{"line":65,"column":51}},"39":{"start":{"line":69,"column":6},"end":{"line":76,"column":7}},"40":{"start":{"line":71,"column":8},"end":{"line":75,"column":11}},"41":{"start":{"line":72,"column":10},"end":{"line":74,"column":13}},"42":{"start":{"line":73,"column":12},"end":{"line":73,"column":28}},"43":{"start":{"line":80,"column":2},"end":{"line":92,"column":4}},"44":{"start":{"line":81,"column":4},"end":{"line":81,"column":48}},"45":{"start":{"line":83,"column":4},"end":{"line":85,"column":5}},"46":{"start":{"line":84,"column":6},"end":{"line":84,"column":76}},"47":{"start":{"line":87,"column":4},"end":{"line":87,"column":44}},"48":{"start":{"line":89,"column":4},"end":{"line":89,"column":68}},"49":{"start":{"line":91,"column":4},"end":{"line":91,"column":102}},"50":{"start":{"line":94,"column":2},"end":{"line":102,"column":4}},"51":{"start":{"line":95,"column":4},"end":{"line":101,"column":7}},"52":{"start":{"line":104,"column":2},"end":{"line":111,"column":4}},"53":{"start":{"line":105,"column":4},"end":{"line":110,"column":7}},"54":{"start":{"line":113,"column":2},"end":{"line":113,"column":30}},"55":{"start":{"line":116,"column":0},"end":{"line":116,"column":38}}},"branchMap":{"1":{"line":3,"type":"binary-expr","locations":[{"start":{"line":3,"column":15},"end":{"line":3,"column":28}},{"start":{"line":3,"column":32},"end":{"line":3,"column":256}}]},"2":{"line":3,"type":"if","locations":[{"start":{"line":3,"column":150},"end":{"line":3,"column":150}},{"start":{"line":3,"column":150},"end":{"line":3,"column":150}}]},"3":{"line":5,"type":"if","locations":[{"start":{"line":5,"column":50},"end":{"line":5,"column":50}},{"start":{"line":5,"column":50},"end":{"line":5,"column":50}}]},"4":{"line":48,"type":"if","locations":[{"start":{"line":48,"column":6},"end":{"line":48,"column":6}},{"start":{"line":48,"column":6},"end":{"line":48,"column":6}}]},"5":{"line":55,"type":"if","locations":[{"start":{"line":55,"column":6},"end":{"line":55,"column":6}},{"start":{"line":55,"column":6},"end":{"line":55,"column":6}}]},"6":{"line":55,"type":"binary-expr","locations":[{"start":{"line":55,"column":10},"end":{"line":55,"column":46}},{"start":{"line":55,"column":50},"end":{"line":55,"column":75}}]},"7":{"line":59,"type":"if","locations":[{"start":{"line":59,"column":6},"end":{"line":59,"column":6}},{"start":{"line":59,"column":6},"end":{"line":59,"column":6}}]},"8":{"line":63,"type":"if","locations":[{"start":{"line":63,"column":13},"end":{"line":63,"column":13}},{"start":{"line":63,"column":13},"end":{"line":63,"column":13}}]},"9":{"line":69,"type":"if","locations":[{"start":{"line":69,"column":6},"end":{"line":69,"column":6}},{"start":{"line":69,"column":6},"end":{"line":69,"column":6}}]},"10":{"line":83,"type":"if","locations":[{"start":{"line":83,"column":4},"end":{"line":83,"column":4}},{"start":{"line":83,"column":4},"end":{"line":83,"column":4}}]}},"code":["'use strict';","","var _extends = Object.assign || function (target) { for (var i = 1; i < arguments.length; i++) { var source = arguments[i]; for (var key in source) { if (Object.prototype.hasOwnProperty.call(source, key)) { target[key] = source[key]; } } } return target; };","","function _classCallCheck(instance, Constructor) { if (!(instance instanceof Constructor)) { throw new TypeError(\"Cannot call a class as a function\"); } }","","var fs = require('fs');","var path = require('path');","var mkdir = require('mkdirp');","","var _require = require('chalk'),","    bold = _require.bold;","","var Logger = require('./Logger');","var viewer = require('./viewer');","","var BundleAnalyzerPlugin = function () {","  function BundleAnalyzerPlugin(opts) {","    _classCallCheck(this, BundleAnalyzerPlugin);","","    this.opts = _extends({","      analyzerMode: 'server',","      analyzerHost: '127.0.0.1',","      analyzerPort: 8888,","      reportFilename: 'report.html',","      openAnalyzer: true,","      generateStatsFile: false,","      statsFilename: 'stats.json',","      statsOptions: null,","      logLevel: 'info',","      // deprecated","      startAnalyzer: true","    }, opts);","","    this.logger = new Logger(this.opts.logLevel);","  }","","  BundleAnalyzerPlugin.prototype.apply = function apply(compiler) {","    var _this = this;","","    this.compiler = compiler;","","    compiler.plugin('done', function (stats) {","      stats = stats.toJson(_this.opts.statsOptions);","","      var actions = [];","","      if (_this.opts.generateStatsFile) {","        actions.push(function () {","          return _this.generateStatsFile(stats);","        });","      }","","      // Handling deprecated `startAnalyzer` flag","      if (_this.opts.analyzerMode === 'server' && !_this.opts.startAnalyzer) {","        _this.opts.analyzerMode = 'disabled';","      }","","      if (_this.opts.analyzerMode === 'server') {","        actions.push(function () {","          return _this.startAnalyzerServer(stats);","        });","      } else if (_this.opts.analyzerMode === 'static') {","        actions.push(function () {","          return _this.generateStaticReport(stats);","        });","      }","","      if (actions.length) {","        // Making analyzer logs to be after all webpack logs in the console","        setImmediate(function () {","          actions.forEach(function (action) {","            return action();","          });","        });","      }","    });","  };","","  BundleAnalyzerPlugin.prototype.generateStatsFile = function generateStatsFile(stats) {","    var statsFilepath = this.opts.statsFilename;","","    if (!path.isAbsolute(statsFilepath)) {","      statsFilepath = path.resolve(this.compiler.outputPath, statsFilepath);","    }","","    mkdir.sync(path.dirname(statsFilepath));","","    fs.writeFileSync(statsFilepath, JSON.stringify(stats, null, 2));","","    this.logger.info(bold('Webpack Bundle Analyzer') + ' saved stats file to ' + bold(statsFilepath));","  };","","  BundleAnalyzerPlugin.prototype.startAnalyzerServer = function startAnalyzerServer(stats) {","    viewer.startServer(stats, {","      openBrowser: this.opts.openAnalyzer,","      host: this.opts.analyzerHost,","      port: this.opts.analyzerPort,","      bundleDir: this.compiler.outputPath,","      logger: this.logger","    });","  };","","  BundleAnalyzerPlugin.prototype.generateStaticReport = function generateStaticReport(stats) {","    viewer.generateReport(stats, {","      openBrowser: this.opts.openAnalyzer,","      reportFilename: this.opts.reportFilename,","      bundleDir: this.compiler.outputPath,","      logger: this.logger","    });","  };","","  return BundleAnalyzerPlugin;","}();","","module.exports = BundleAnalyzerPlugin;"],"l":{"3":1,"5":1,"7":1,"8":1,"9":1,"11":1,"14":1,"15":1,"17":1,"18":1,"19":0,"21":0,"35":0,"38":1,"39":0,"41":0,"43":0,"44":0,"46":0,"48":0,"49":0,"50":0,"55":0,"56":0,"59":0,"60":0,"61":0,"63":0,"64":0,"65":0,"69":0,"71":0,"72":0,"73":0,"80":1,"81":0,"83":0,"84":0,"87":0,"89":0,"91":0,"94":1,"95":0,"104":1,"105":0,"113":1,"116":1}}}